(0000) 2000  0010000000000000 (   5)                 .ORIG x2000
(2000) 321D  0011001000011101 (   7)                 ST    R1 SAVE_R1
(2001) 341D  0011010000011101 (   8)                 ST    R2 SAVE_R2
(2002) 361D  0011011000011101 (   9)                 ST    R3 SAVE_R3
(2003) 381D  0011100000011101 (  10)                 ST    R4 SAVE_R4
(2004) 3A1D  0011101000011101 (  11)                 ST    R5 SAVE_R5
(2005) 2416  0010010000010110 (  13)                 LD    R2 STADDR
(2006) 2616  0010011000010110 (  14)                 LD    R3 INTRPT
(2007) 74C0  0111010011000000 (  15)                 STR   R2 R3 #0
(2008) A00F  1010000000001111 (  19) POLL1           LDI   R0 KBSR
(2009) 07FE  0000011111111110 (  20)                 BRZP  POLL1
(200A) A00E  1010000000001110 (  24)                 LDI   R0 KBDR
(200B) 2A0B  0010101000001011 (  27)                 LD    R5 TEN
(200C) A20D  1010001000001101 (  28) POLL2           LDI   R1 DSR
(200D) 07FE  0000011111111110 (  29)                 BRZP  POLL2
(200E) B00C  1011000000001100 (  31) DISPLAY         STI   R0 DDR
(200F) 1B7F  0001101101111111 (  32)                 ADD   R5 R5 #-1
(2010) 03FD  0000001111111101 (  33)                 BRP   DISPLAY
(2011) 220C  0010001000001100 (  36)                 LD    R1 SAVE_R1
(2012) 240C  0010010000001100 (  37)                 LD    R2 SAVE_R2
(2013) 260C  0010011000001100 (  38)                 LD    R3 SAVE_R3
(2014) 280C  0010100000001100 (  39)                 LD    R4 SAVE_R4
(2015) 2A0C  0010101000001100 (  40)                 LD    R5 SAVE_R5
(2016) 8000  1000000000000000 (  41)                 RTI   
(2017) 000A  0000000000001010 (  43) TEN             .FILL x000A
(2018) FE00  1111111000000000 (  44) KBSR            .FILL xFE00
(2019) FE02  1111111000000010 (  45) KBDR            .FILL xFE02
(201A) FE04  1111111000000100 (  46) DSR             .FILL xFE04
(201B) FE06  1111111000000110 (  47) DDR             .FILL xFE06
(201C) 2000  0010000000000000 (  48) STADDR          .FILL x2000
(201D) 0100  0000000100000000 (  49) INTRPT          .FILL x0100
(201E) 0000  0000000000000000 (  51) SAVE_R1         .FILL x0000
(201F) 0000  0000000000000000 (  52) SAVE_R2         .FILL x0000
(2020) 0000  0000000000000000 (  53) SAVE_R3         .FILL x0000
(2021) 0000  0000000000000000 (  54) SAVE_R4         .FILL x0000
(2022) 0000  0000000000000000 (  56) SAVE_R5         .FILL x0000
