(0000) 3000  0011000000000000 (   1)                 .ORIG x3000
(3000) 2C20  0010110000100000 (   3)                 LD    R6 PTR
(3001) 2A1E  0010101000011110 (   4)                 LD    R5 ISRLOC
(3002) BA20  1011101000100000 (   5)                 STI   R5 VECTOR
(3003) 281E  0010100000011110 (   6)                 LD    R4 MASK
(3004) A41F  1010010000011111 (   7)                 LDI   R2 KBSR1
(3005) 1902  0001100100000010 (   8)                 ADD   R4 R4 R2
(3006) B81D  1011100000011101 (   9)                 STI   R4 KBSR1
(3007) 2416  0010010000010110 (  11) MAIN1           LD    R2 COUNTER_20
(3008) 2612  0010011000010010 (  12)                 LD    R3 ASCII_DOTS
(3009) 2812  0010100000010010 (  13)                 LD    R4 ASCII_SPACE
(300A) 10E0  0001000011100000 (  15) MAIN            ADD   R0 R3 #0
(300B) F021  1111000000100001 (  16)                 TRAP  x21
(300C) 2212  0010001000010010 (  17)                 LD    R1 COUNT
(300D) 127F  0001001001111111 (  18) DOTS            ADD   R1 R1 #-1
(300E) 03FE  0000001111111110 (  19)                 BRP   DOTS
(300F) 1120  0001000100100000 (  21)                 ADD   R0 R4 #0
(3010) F021  1111000000100001 (  22)                 TRAP  x21
(3011) 220D  0010001000001101 (  23)                 LD    R1 COUNT
(3012) 127F  0001001001111111 (  24) SPACES          ADD   R1 R1 #-1
(3013) 03FE  0000001111111110 (  25)                 BRP   SPACES
(3014) 14BF  0001010010111111 (  27)                 ADD   R2 R2 #-1
(3015) 03F4  0000001111110100 (  28)                 BRP   MAIN
(3016) 2A06  0010101000000110 (  30)                 LD    R5 ASCII_NEWLN
(3017) 1160  0001000101100000 (  31)                 ADD   R0 R5 #0
(3018) F021  1111000000100001 (  32)                 TRAP  x21
(3019) 0FED  0000111111101101 (  34)                 BRNZP MAIN1
(301A) F025  1111000000100101 (  36)                 TRAP  x25
(301B) 002E  0000000000101110 (  38) ASCII_DOTS      .FILL x002E
(301C) 0020  0000000000100000 (  39) ASCII_SPACE     .FILL x0020
(301D) 000A  0000000000001010 (  40) ASCII_NEWLN     .FILL x000A
(301E) 0014  0000000000010100 (  41) COUNTER_20      .FILL x0014
(301F) 09C4  0000100111000100 (  42) COUNT           .FILL x09C4
(3020) 2000  0010000000000000 (  43) ISRLOC          .FILL x2000
(3021) 3000  0011000000000000 (  44) PTR             .FILL x3000
(3022) 4000  0100000000000000 (  45) MASK            .FILL x4000
(3023) 0180  0000000110000000 (  46) VECTOR          .FILL x0180
(3024) FE00  1111111000000000 (  47) KBSR1           .FILL xFE00
