(0000) 3000  0011000000000000 (   2)                 .ORIG x3000
(3000) 5020  0101000000100000 (   4)                 AND   R0 R0 #0
(3001) 5260  0101001001100000 (   5)                 AND   R1 R1 #0
(3002) 54A0  0101010010100000 (   6)                 AND   R2 R2 #0
(3003) 56E0  0101011011100000 (   7)                 AND   R3 R3 #0
(3004) 5920  0101100100100000 (   8)                 AND   R4 R4 #0
(3005) 5B60  0101101101100000 (   9)                 AND   R5 R5 #0
(3006) 5DA0  0101110110100000 (  10)                 AND   R6 R6 #0
(3007) 5FE0  0101111111100000 (  11)                 AND   R7 R7 #0
(3008) 1265  0001001001100101 (  15) BEG             ADD   R1 R1 #5
(3009) E403  1110010000000011 (  16)                 LEA   R2 A
(300A) F020  1111000000100000 (  17) INPUT           TRAP  x20
(300B) F021  1111000000100001 (  18)                 TRAP  x21
(300C) 14A1  0001010010100001 (  19)                 ADD   R2 R2 #1
(300D) 0000  0000000000000000 (  22) A               .FILL x0000
(300E) 0000  0000000000000000 (  22)                 .FILL x0000
(300F) 0000  0000000000000000 (  22)                 .FILL x0000
(3010) 0000  0000000000000000 (  22)                 .FILL x0000
(3011) 0000  0000000000000000 (  22)                 .FILL x0000
(3012) 7080  0111000010000000 (  22)                 STR   R0 R2 #0
(3013) 127F  0001001001111111 (  23)                 ADD   R1 R1 #-1
(3014) 03F5  0000001111110101 (  24)                 BRP   INPUT
(3015) 2022  0010000000100010 (  28) EE306           LD    R0 EE306NODE
(3016) 6000  0110000000000000 (  30) L1              LDR   R0 R0 #0
(3017) 1222  0001001000100010 (  33)                 ADD   R1 R0 #2
(3018) 2620  0010011000100000 (  34)                 LD    R3 ID
(3019) 5DA0  0101110110100000 (  35)                 AND   R6 R6 #0
(301A) 1DA5  0001110110100101 (  36)                 ADD   R6 R6 #5
(301B) 6440  0110010001000000 (  38) EE306L1         LDR   R2 R1 #0
(301C) 68C0  0110100011000000 (  39)                 LDR   R4 R3 #0
(301D) 94BF  1001010010111111 (  43)                 NOT   R2 R2
(301E) 14A1  0001010010100001 (  44)                 ADD   R2 R2 #1
(301F) 1A84  0001101010000100 (  45)                 ADD   R5 R2 R4
(3020) 0408  0000010000001000 (  46)                 BRZ   EQUAL
(3021) 1021  0001000000100001 (  50)                 ADD   R0 R0 #1
(3022) 5260  0101001001100000 (  51)                 AND   R1 R1 #0
(3023) 54A0  0101010010100000 (  52)                 AND   R2 R2 #0
(3024) 56E0  0101011011100000 (  53)                 AND   R3 R3 #0
(3025) 5920  0101100100100000 (  54)                 AND   R4 R4 #0
(3026) 5B60  0101101101100000 (  55)                 AND   R5 R5 #0
(3027) 5DA0  0101110110100000 (  56)                 AND   R6 R6 #0
(3028) 0FED  0000111111101101 (  57)                 BRNZP L1
(3029) 1261  0001001001100001 (  60) EQUAL           ADD   R1 R1 #1
(302A) 16E1  0001011011100001 (  61)                 ADD   R3 R3 #1
(302B) 1DBF  0001110110111111 (  62)                 ADD   R6 R6 #-1
(302C) 03EE  0000001111101110 (  63)                 BRP   EE306L1
(302D) E00C  1110000000001100 (  66)                 LEA   R0 M1
(302E) F022  1111000000100010 (  67)                 TRAP  x22
(302F) 5020  0101000000100000 (  68)                 AND   R0 R0 #0
(3030) 5260  0101001001100000 (  69)                 AND   R1 R1 #0
(3031) 54A0  0101010010100000 (  70)                 AND   R2 R2 #0
(3032) 56E0  0101011011100000 (  71)                 AND   R3 R3 #0
(3033) 5920  0101100100100000 (  72)                 AND   R4 R4 #0
(3034) 5B60  0101101101100000 (  73)                 AND   R5 R5 #0
(3035) 5DA0  0101110110100000 (  74)                 AND   R6 R6 #0
(3036) 0FD1  0000111111010001 (  75)                 BRNZP BEG
(3037) F025  1111000000100101 (  78)                 TRAP  x25
(3038) 3800  0011100000000000 (  80) EE306NODE       .FILL x3800
(3039) 300E  0011000000001110 (  81) ID              .FILL x300E
(303A) 000A  0000000000001010 (  82) M1              .FILL x000A
(303B) 0053  0000000001010011 (  82)                 .FILL x0053
(303C) 0074  0000000001110100 (  82)                 .FILL x0074
(303D) 0075  0000000001110101 (  82)                 .FILL x0075
(303E) 0064  0000000001100100 (  82)                 .FILL x0064
(303F) 0065  0000000001100101 (  82)                 .FILL x0065
(3040) 006E  0000000001101110 (  82)                 .FILL x006E
(3041) 0074  0000000001110100 (  82)                 .FILL x0074
(3042) 0020  0000000000100000 (  82)                 .FILL x0020
(3043) 0069  0000000001101001 (  82)                 .FILL x0069
(3044) 0073  0000000001110011 (  82)                 .FILL x0073
(3045) 0020  0000000000100000 (  82)                 .FILL x0020
(3046) 0061  0000000001100001 (  82)                 .FILL x0061
(3047) 006C  0000000001101100 (  82)                 .FILL x006C
(3048) 0072  0000000001110010 (  82)                 .FILL x0072
(3049) 0065  0000000001100101 (  82)                 .FILL x0065
(304A) 0061  0000000001100001 (  82)                 .FILL x0061
(304B) 0064  0000000001100100 (  82)                 .FILL x0064
(304C) 0079  0000000001111001 (  82)                 .FILL x0079
(304D) 0020  0000000000100000 (  82)                 .FILL x0020
(304E) 0065  0000000001100101 (  82)                 .FILL x0065
(304F) 006E  0000000001101110 (  82)                 .FILL x006E
(3050) 0072  0000000001110010 (  82)                 .FILL x0072
(3051) 006F  0000000001101111 (  82)                 .FILL x006F
(3052) 006C  0000000001101100 (  82)                 .FILL x006C
(3053) 006C  0000000001101100 (  82)                 .FILL x006C
(3054) 0065  0000000001100101 (  82)                 .FILL x0065
(3055) 0064  0000000001100100 (  82)                 .FILL x0064
(3056) 0020  0000000000100000 (  82)                 .FILL x0020
(3057) 0069  0000000001101001 (  82)                 .FILL x0069
(3058) 006E  0000000001101110 (  82)                 .FILL x006E
(3059) 0020  0000000000100000 (  82)                 .FILL x0020
(305A) 0033  0000000000110011 (  82)                 .FILL x0033
(305B) 0030  0000000000110000 (  82)                 .FILL x0030
(305C) 0036  0000000000110110 (  82)                 .FILL x0036
(305D) 000A  0000000000001010 (  82)                 .FILL x000A
(305E) 0000  0000000000000000 (  82)                 .FILL x0000
(305F) 000A  0000000000001010 (  83) M2              .FILL x000A
(3060) 0053  0000000001010011 (  83)                 .FILL x0053
(3061) 0075  0000000001110101 (  83)                 .FILL x0075
(3062) 0063  0000000001100011 (  83)                 .FILL x0063
(3063) 0063  0000000001100011 (  83)                 .FILL x0063
(3064) 0065  0000000001100101 (  83)                 .FILL x0065
(3065) 0073  0000000001110011 (  83)                 .FILL x0073
(3066) 0073  0000000001110011 (  83)                 .FILL x0073
(3067) 0066  0000000001100110 (  83)                 .FILL x0066
(3068) 0075  0000000001110101 (  83)                 .FILL x0075
(3069) 006C  0000000001101100 (  83)                 .FILL x006C
(306A) 006C  0000000001101100 (  83)                 .FILL x006C
(306B) 0079  0000000001111001 (  83)                 .FILL x0079
(306C) 0020  0000000000100000 (  83)                 .FILL x0020
(306D) 0065  0000000001100101 (  83)                 .FILL x0065
(306E) 006E  0000000001101110 (  83)                 .FILL x006E
(306F) 0072  0000000001110010 (  83)                 .FILL x0072
(3070) 006F  0000000001101111 (  83)                 .FILL x006F
(3071) 006C  0000000001101100 (  83)                 .FILL x006C
(3072) 006C  0000000001101100 (  83)                 .FILL x006C
(3073) 0065  0000000001100101 (  83)                 .FILL x0065
(3074) 0064  0000000001100100 (  83)                 .FILL x0064
(3075) 0020  0000000000100000 (  83)                 .FILL x0020
(3076) 0073  0000000001110011 (  83)                 .FILL x0073
(3077) 0074  0000000001110100 (  83)                 .FILL x0074
(3078) 0075  0000000001110101 (  83)                 .FILL x0075
(3079) 0064  0000000001100100 (  83)                 .FILL x0064
(307A) 0065  0000000001100101 (  83)                 .FILL x0065
(307B) 006E  0000000001101110 (  83)                 .FILL x006E
(307C) 0074  0000000001110100 (  83)                 .FILL x0074
(307D) 0020  0000000000100000 (  83)                 .FILL x0020
(307E) 0069  0000000001101001 (  83)                 .FILL x0069
(307F) 006E  0000000001101110 (  83)                 .FILL x006E
(3080) 0020  0000000000100000 (  83)                 .FILL x0020
(3081) 0033  0000000000110011 (  83)                 .FILL x0033
(3082) 0030  0000000000110000 (  83)                 .FILL x0030
(3083) 0036  0000000000110110 (  83)                 .FILL x0036
(3084) 000A  0000000000001010 (  83)                 .FILL x000A
(3085) 0000  0000000000000000 (  83)                 .FILL x0000
(3086) 000A  0000000000001010 (  84) M3              .FILL x000A
(3087) 0043  0000000001000011 (  84)                 .FILL x0043
(3088) 0061  0000000001100001 (  84)                 .FILL x0061
(3089) 006E  0000000001101110 (  84)                 .FILL x006E
(308A) 006E  0000000001101110 (  84)                 .FILL x006E
(308B) 006F  0000000001101111 (  84)                 .FILL x006F
(308C) 0074  0000000001110100 (  84)                 .FILL x0074
(308D) 0020  0000000000100000 (  84)                 .FILL x0020
(308E) 0066  0000000001100110 (  84)                 .FILL x0066
(308F) 0069  0000000001101001 (  84)                 .FILL x0069
(3090) 006E  0000000001101110 (  84)                 .FILL x006E
(3091) 0064  0000000001100100 (  84)                 .FILL x0064
(3092) 0020  0000000000100000 (  84)                 .FILL x0020
(3093) 0073  0000000001110011 (  84)                 .FILL x0073
(3094) 0074  0000000001110100 (  84)                 .FILL x0074
(3095) 0075  0000000001110101 (  84)                 .FILL x0075
(3096) 0064  0000000001100100 (  84)                 .FILL x0064
(3097) 0065  0000000001100101 (  84)                 .FILL x0065
(3098) 006E  0000000001101110 (  84)                 .FILL x006E
(3099) 0074  0000000001110100 (  84)                 .FILL x0074
(309A) 000A  0000000000001010 (  84)                 .FILL x000A
(309B) 0000  0000000000000000 (  84)                 .FILL x0000
