(0000) 3000  0011000000000000 (  14)                 .ORIG x3000
(3000) 48E9  0100100011101001 (  19)                 JSR   INIT
(3001) 4923  0100100100100011 (  21) ROUND           JSR   DISPLAY_BOARD
(3002) 484E  0100100001001110 (  22)                 JSR   GET_MOVE
(3003) 487A  0100100001111010 (  23)                 JSR   UPDATE_BOARD
(3004) 48C5  0100100011000101 (  24)                 JSR   UPDATE_STATE
(3005) 1DA0  0001110110100000 (  26)                 ADD   R6 R6 #0
(3006) 05FA  0000010111111010 (  27)                 BRZ   ROUND
(3007) 491D  0100100100011101 (  29)                 JSR   DISPLAY_BOARD
(3008) 493A  0100100100111010 (  30)                 JSR   GAME_OVER
(3009) F025  1111000000100101 (  32)                 TRAP  x25
(300A) 3044  0011000001000100 (  46) DISPLAY_TURN    ST    R0 DT_R0
(300B) 3E44  0011111001000100 (  47)                 ST    R7 DT_R7
(300C) 20E8  0010000011101000 (  49)                 LD    R0 TURN
(300D) 103F  0001000000111111 (  50)                 ADD   R0 R0 #-1
(300E) 0203  0000001000000011 (  51)                 BRP   DT_P2
(300F) E007  1110000000000111 (  52)                 LEA   R0 DT_P1_PROMPT
(3010) F022  1111000000100010 (  53)                 TRAP  x22
(3011) 0E02  0000111000000010 (  54)                 BRNZP DT_DONE
(3012) E020  1110000000100000 (  56) DT_P2           LEA   R0 DT_P2_PROMPT
(3013) F022  1111000000100010 (  57)                 TRAP  x22
(3014) 203A  0010000000111010 (  61) DT_DONE         LD    R0 DT_R0
(3015) 2E3A  0010111000111010 (  62)                 LD    R7 DT_R7
(3016) C1C0  1100000111000000 (  64)                 RET   
(3017) 0050  0000000001010000 (  65) DT_P1_PROMPT    .FILL x0050
(3018) 006C  0000000001101100 (  65)                 .FILL x006C
(3019) 0061  0000000001100001 (  65)                 .FILL x0061
(301A) 0079  0000000001111001 (  65)                 .FILL x0079
(301B) 0065  0000000001100101 (  65)                 .FILL x0065
(301C) 0072  0000000001110010 (  65)                 .FILL x0072
(301D) 0020  0000000000100000 (  65)                 .FILL x0020
(301E) 0031  0000000000110001 (  65)                 .FILL x0031
(301F) 002C  0000000000101100 (  65)                 .FILL x002C
(3020) 0020  0000000000100000 (  65)                 .FILL x0020
(3021) 0063  0000000001100011 (  65)                 .FILL x0063
(3022) 0068  0000000001101000 (  65)                 .FILL x0068
(3023) 006F  0000000001101111 (  65)                 .FILL x006F
(3024) 006F  0000000001101111 (  65)                 .FILL x006F
(3025) 0073  0000000001110011 (  65)                 .FILL x0073
(3026) 0065  0000000001100101 (  65)                 .FILL x0065
(3027) 0020  0000000000100000 (  65)                 .FILL x0020
(3028) 0061  0000000001100001 (  65)                 .FILL x0061
(3029) 0020  0000000000100000 (  65)                 .FILL x0020
(302A) 0063  0000000001100011 (  65)                 .FILL x0063
(302B) 006F  0000000001101111 (  65)                 .FILL x006F
(302C) 006C  0000000001101100 (  65)                 .FILL x006C
(302D) 0075  0000000001110101 (  65)                 .FILL x0075
(302E) 006D  0000000001101101 (  65)                 .FILL x006D
(302F) 006E  0000000001101110 (  65)                 .FILL x006E
(3030) 003A  0000000000111010 (  65)                 .FILL x003A
(3031) 0020  0000000000100000 (  65)                 .FILL x0020
(3032) 0000  0000000000000000 (  65)                 .FILL x0000
(3033) 0050  0000000001010000 (  66) DT_P2_PROMPT    .FILL x0050
(3034) 006C  0000000001101100 (  66)                 .FILL x006C
(3035) 0061  0000000001100001 (  66)                 .FILL x0061
(3036) 0079  0000000001111001 (  66)                 .FILL x0079
(3037) 0065  0000000001100101 (  66)                 .FILL x0065
(3038) 0072  0000000001110010 (  66)                 .FILL x0072
(3039) 0020  0000000000100000 (  66)                 .FILL x0020
(303A) 0032  0000000000110010 (  66)                 .FILL x0032
(303B) 002C  0000000000101100 (  66)                 .FILL x002C
(303C) 0020  0000000000100000 (  66)                 .FILL x0020
(303D) 0063  0000000001100011 (  66)                 .FILL x0063
(303E) 0068  0000000001101000 (  66)                 .FILL x0068
(303F) 006F  0000000001101111 (  66)                 .FILL x006F
(3040) 006F  0000000001101111 (  66)                 .FILL x006F
(3041) 0073  0000000001110011 (  66)                 .FILL x0073
(3042) 0065  0000000001100101 (  66)                 .FILL x0065
(3043) 0020  0000000000100000 (  66)                 .FILL x0020
(3044) 0061  0000000001100001 (  66)                 .FILL x0061
(3045) 0020  0000000000100000 (  66)                 .FILL x0020
(3046) 0063  0000000001100011 (  66)                 .FILL x0063
(3047) 006F  0000000001101111 (  66)                 .FILL x006F
(3048) 006C  0000000001101100 (  66)                 .FILL x006C
(3049) 0075  0000000001110101 (  66)                 .FILL x0075
(304A) 006D  0000000001101101 (  66)                 .FILL x006D
(304B) 006E  0000000001101110 (  66)                 .FILL x006E
(304C) 003A  0000000000111010 (  66)                 .FILL x003A
(304D) 0020  0000000000100000 (  66)                 .FILL x0020
(304E) 0000  0000000000000000 (  66)                 .FILL x0000
(304F) 0000  0000000000000000 (  68) DT_R0           .FILL x0000
(3050) 0000  0000000000000000 (  79) DT_R7           .FILL x0000
(3051) 302A  0011000000101010 (  80) GET_MOVE        ST    R0 GM_R0
(3052) 3E2A  0011111000101010 (  81)                 ST    R7 GM_R7
(3053) 4FB6  0100111110110110 (  84) GM_REPEAT       JSR   DISPLAY_TURN
(3054) F020  1111000000100000 (  85)                 TRAP  x20
(3055) F021  1111000000100001 (  86)                 TRAP  x21
(3056) 4927  0100100100100111 (  87)                 JSR   CHECK_VALID
(3057) 209C  0010000010011100 (  88)                 LD    R0 ASCII_NEWLINE
(3058) F021  1111000000100001 (  89)                 TRAP  x21
(3059) 1DA0  0001110110100000 (  91)                 ADD   R6 R6 #0
(305A) 0205  0000001000000101 (  92)                 BRP   GM_VALID
(305B) E007  1110000000000111 (  94)                 LEA   R0 GM_INVALID_PROMPT
(305C) F022  1111000000100010 (  95)                 TRAP  x22
(305D) 2096  0010000010010110 (  96)                 LD    R0 ASCII_NEWLINE
(305E) F021  1111000000100001 (  97)                 TRAP  x21
(305F) 0FF3  0000111111110011 (  98)                 BRNZP GM_REPEAT
(3060) 201B  0010000000011011 ( 102) GM_VALID        LD    R0 GM_R0
(3061) 2E1B  0010111000011011 ( 103)                 LD    R7 GM_R7
(3062) C1C0  1100000111000000 ( 105)                 RET   
(3063) 0049  0000000001001001 ( 106) GM_INVALID_PROMPT .FILL x0049
(3064) 006E  0000000001101110 ( 106)                 .FILL x006E
(3065) 0076  0000000001110110 ( 106)                 .FILL x0076
(3066) 0061  0000000001100001 ( 106)                 .FILL x0061
(3067) 006C  0000000001101100 ( 106)                 .FILL x006C
(3068) 0069  0000000001101001 ( 106)                 .FILL x0069
(3069) 0064  0000000001100100 ( 106)                 .FILL x0064
(306A) 0020  0000000000100000 ( 106)                 .FILL x0020
(306B) 006D  0000000001101101 ( 106)                 .FILL x006D
(306C) 006F  0000000001101111 ( 106)                 .FILL x006F
(306D) 0076  0000000001110110 ( 106)                 .FILL x0076
(306E) 0065  0000000001100101 ( 106)                 .FILL x0065
(306F) 002E  0000000000101110 ( 106)                 .FILL x002E
(3070) 0020  0000000000100000 ( 106)                 .FILL x0020
(3071) 0054  0000000001010100 ( 106)                 .FILL x0054
(3072) 0072  0000000001110010 ( 106)                 .FILL x0072
(3073) 0079  0000000001111001 ( 106)                 .FILL x0079
(3074) 0020  0000000000100000 ( 106)                 .FILL x0020
(3075) 0061  0000000001100001 ( 106)                 .FILL x0061
(3076) 0067  0000000001100111 ( 106)                 .FILL x0067
(3077) 0061  0000000001100001 ( 106)                 .FILL x0061
(3078) 0069  0000000001101001 ( 106)                 .FILL x0069
(3079) 006E  0000000001101110 ( 106)                 .FILL x006E
(307A) 002E  0000000000101110 ( 106)                 .FILL x002E
(307B) 0000  0000000000000000 ( 106)                 .FILL x0000
(307C) 0000  0000000000000000 ( 108) GM_R0           .FILL x0000
(307D) 0000  0000000000000000 ( 117) GM_R7           .FILL x0000
(307E) 3221  0011001000100001 ( 118) UPDATE_BOARD    ST    R1 UP_R1
(307F) 3421  0011010000100001 ( 119)                 ST    R2 UP_R2
(3080) 3621  0011011000100001 ( 120)                 ST    R3 UP_R3
(3081) 3821  0011100000100001 ( 121)                 ST    R4 UP_R4
(3082) 3C22  0011110000100010 ( 122)                 ST    R6 UP_R6
(3083) 3E22  0011111000100010 ( 123)                 ST    R7 UP_R7
(3084) 5B60  0101101101100000 ( 126)                 AND   R5 R5 #0
(3085) 1B66  0001101101100110 ( 127)                 ADD   R5 R5 #6
(3086) E897  1110100010010111 ( 129)                 LEA   R4 ROW6
(3087) 1706  0001011100000110 ( 132) UB_NEXT_LEVEL   ADD   R3 R4 R6
(3088) 62FF  0110001011111111 ( 134)                 LDR   R1 R3 #-1
(3089) 2470  0010010001110000 ( 135)                 LD    R2 ASCII_NEGHYP
(308A) 1242  0001001001000010 ( 137)                 ADD   R1 R1 R2
(308B) 0403  0000010000000011 ( 138)                 BRZ   UB_LEVEL_FOUND
(308C) 1939  0001100100111001 ( 140)                 ADD   R4 R4 #-7
(308D) 1B7F  0001101101111111 ( 141)                 ADD   R5 R5 #-1
(308E) 0FF8  0000111111111000 ( 142)                 BRNZP UB_NEXT_LEVEL
(308F) 2865  0010100001100101 ( 145) UB_LEVEL_FOUND  LD    R4 TURN
(3090) 193F  0001100100111111 ( 146)                 ADD   R4 R4 #-1
(3091) 0203  0000001000000011 ( 147)                 BRP   UB_P2
(3092) 280C  0010100000001100 ( 149)                 LD    R4 ASCII_O
(3093) 78FF  0111100011111111 ( 150)                 STR   R4 R3 #-1
(3094) 0E02  0000111000000010 ( 152)                 BRNZP UB_DONE
(3095) 2808  0010100000001000 ( 154) UB_P2           LD    R4 ASCII_X
(3096) 78FF  0111100011111111 ( 155)                 STR   R4 R3 #-1
(3097) 2208  0010001000001000 ( 159) UB_DONE         LD    R1 UP_R1
(3098) 2408  0010010000001000 ( 160)                 LD    R2 UP_R2
(3099) 2608  0010011000001000 ( 161)                 LD    R3 UP_R3
(309A) 2808  0010100000001000 ( 162)                 LD    R4 UP_R4
(309B) 2C09  0010110000001001 ( 163)                 LD    R6 UP_R6
(309C) 2E09  0010111000001001 ( 164)                 LD    R7 UP_R7
(309D) C1C0  1100000111000000 ( 166)                 RET   
(309E) 0058  0000000001011000 ( 167) ASCII_X         .FILL x0058
(309F) 004F  0000000001001111 ( 168) ASCII_O         .FILL x004F
(30A0) 0000  0000000000000000 ( 170) UP_R1           .FILL x0000
(30A1) 0000  0000000000000000 ( 171) UP_R2           .FILL x0000
(30A2) 0000  0000000000000000 ( 172) UP_R3           .FILL x0000
(30A3) 0000  0000000000000000 ( 173) UP_R4           .FILL x0000
(30A4) 0000  0000000000000000 ( 174) UP_R5           .FILL x0000
(30A5) 0000  0000000000000000 ( 175) UP_R6           .FILL x0000
(30A6) 0000  0000000000000000 ( 183) UP_R7           .FILL x0000
(30A7) 300D  0011000000001101 ( 184) CHANGE_TURN     ST    R0 CT_R0
(30A8) 320D  0011001000001101 ( 185)                 ST    R1 CT_R1
(30A9) 3E0D  0011111000001101 ( 186)                 ST    R7 CT_R7
(30AA) 204A  0010000001001010 ( 188)                 LD    R0 TURN
(30AB) 123F  0001001000111111 ( 189)                 ADD   R1 R0 #-1
(30AC) 0402  0000010000000010 ( 190)                 BRZ   CT_TURN_P2
(30AD) 3247  0011001001000111 ( 192)                 ST    R1 TURN
(30AE) 0E02  0000111000000010 ( 193)                 BRNZP CT_DONE
(30AF) 1021  0001000000100001 ( 196) CT_TURN_P2      ADD   R0 R0 #1
(30B0) 3044  0011000001000100 ( 197)                 ST    R0 TURN
(30B1) 2003  0010000000000011 ( 200) CT_DONE         LD    R0 CT_R0
(30B2) 2203  0010001000000011 ( 201)                 LD    R1 CT_R1
(30B3) 2E03  0010111000000011 ( 202)                 LD    R7 CT_R7
(30B4) C1C0  1100000111000000 ( 204)                 RET   
(30B5) 0000  0000000000000000 ( 206) CT_R0           .FILL x0000
(30B6) 0000  0000000000000000 ( 207) CT_R1           .FILL x0000
(30B7) 0000  0000000000000000 ( 218) CT_R7           .FILL x0000
(30B8) 3A0E  0011101000001110 ( 219) CHECK_WINNER    ST    R5 CW_R5
(30B9) 3C0E  0011110000001110 ( 220)                 ST    R6 CW_R6
(30BA) 3E0E  0011111000001110 ( 221)                 ST    R7 CW_R7
(30BB) 5920  0101100100100000 ( 223)                 AND   R4 R4 #0
(30BC) 48F5  0100100011110101 ( 225)                 JSR   CHECK_HORIZONTAL
(30BD) 1920  0001100100100000 ( 226)                 ADD   R4 R4 #0
(30BE) 0204  0000001000000100 ( 227)                 BRP   CW_DONE
(30BF) 4926  0100100100100110 ( 229)                 JSR   CHECK_VERTICAL
(30C0) 1920  0001100100100000 ( 230)                 ADD   R4 R4 #0
(30C1) 0201  0000001000000001 ( 231)                 BRP   CW_DONE
(30C2) 4964  0100100101100100 ( 233)                 JSR   CHECK_DIAGONALS
(30C3) 2A03  0010101000000011 ( 237) CW_DONE         LD    R5 CW_R5
(30C4) 2C03  0010110000000011 ( 238)                 LD    R6 CW_R6
(30C5) 2E03  0010111000000011 ( 239)                 LD    R7 CW_R7
(30C6) C1C0  1100000111000000 ( 241)                 RET   
(30C7) 0000  0000000000000000 ( 243) CW_R5           .FILL x0000
(30C8) 0000  0000000000000000 ( 244) CW_R6           .FILL x0000
(30C9) 0000  0000000000000000 ( 258) CW_R7           .FILL x0000
(30CA) 301B  0011000000011011 ( 259) UPDATE_STATE    ST    R0 US_R0
(30CB) 321B  0011001000011011 ( 260)                 ST    R1 US_R1
(30CC) 381B  0011100000011011 ( 261)                 ST    R4 US_R4
(30CD) 3E1B  0011111000011011 ( 262)                 ST    R7 US_R7
(30CE) 4FE9  0100111111101001 ( 265)                 JSR   CHECK_WINNER
(30CF) 1920  0001100100100000 ( 267)                 ADD   R4 R4 #0
(30D0) 0209  0000001000001001 ( 268)                 BRP   US_OVER
(30D1) 5DA0  0101110110100000 ( 271)                 AND   R6 R6 #0
(30D2) 2011  0010000000010001 ( 273)                 LD    R0 NBR_FILLED
(30D3) 1021  0001000000100001 ( 274)                 ADD   R0 R0 #1
(30D4) 300F  0011000000001111 ( 275)                 ST    R0 NBR_FILLED
(30D5) 220F  0010001000001111 ( 277)                 LD    R1 MAX_FILLED
(30D6) 1201  0001001000000001 ( 278)                 ADD   R1 R0 R1
(30D7) 0406  0000010000000110 ( 279)                 BRZ   US_TIE
(30D8) 4FCE  0100111111001110 ( 282) US_NOT_OVER     JSR   CHANGE_TURN
(30D9) 0E05  0000111000000101 ( 283)                 BRNZP US_DONE
(30DA) 1DA1  0001110110100001 ( 286) US_OVER         ADD   R6 R6 #1
(30DB) 2019  0010000000011001 ( 287)                 LD    R0 TURN
(30DC) 3019  0011000000011001 ( 288)                 ST    R0 WINNER
(30DD) 0E01  0000111000000001 ( 289)                 BRNZP US_DONE
(30DE) 1DA1  0001110110100001 ( 292) US_TIE          ADD   R6 R6 #1
(30DF) 2006  0010000000000110 ( 295) US_DONE         LD    R0 US_R0
(30E0) 2206  0010001000000110 ( 296)                 LD    R1 US_R1
(30E1) 2806  0010100000000110 ( 297)                 LD    R4 US_R4
(30E2) 2E06  0010111000000110 ( 298)                 LD    R7 US_R7
(30E3) C1C0  1100000111000000 ( 300)                 RET   
(30E4) 0000  0000000000000000 ( 301) NBR_FILLED      .FILL x0000
(30E5) FFDC  1111111111011100 ( 302) MAX_FILLED      .FILL xFFDC
(30E6) 0000  0000000000000000 ( 304) US_R0           .FILL x0000
(30E7) 0000  0000000000000000 ( 305) US_R1           .FILL x0000
(30E8) 0000  0000000000000000 ( 306) US_R4           .FILL x0000
(30E9) 0000  0000000000000000 ( 314) US_R7           .FILL x0000
(30EA) 3006  0011000000000110 ( 315) INIT            ST    R0 I_R0
(30EB) 3E06  0011111000000110 ( 316)                 ST    R7 I_R7
(30EC) E00E  1110000000001110 ( 318)                 LEA   R0 ROW1
(30ED) 30C3  0011000011000011 ( 319)                 ST    R0 BOARD_PTR
(30EE) 2002  0010000000000010 ( 321)                 LD    R0 I_R0
(30EF) 2E02  0010111000000010 ( 322)                 LD    R7 I_R7
(30F0) C1C0  1100000111000000 ( 324)                 RET   
(30F1) 0000  0000000000000000 ( 326) I_R0            .FILL x0000
(30F2) 0000  0000000000000000 ( 331) I_R7            .FILL x0000
(30F3) 0020  0000000000100000 ( 331) ASCII_SPACE     .FILL x0020
(30F4) 000A  0000000000001010 ( 332) ASCII_NEWLINE   .FILL x000A
(30F5) 0001  0000000000000001 ( 333) TURN            .FILL x0001
(30F6) 0000  0000000000000000 ( 334) WINNER          .FILL x0000
(30F7) FFD0  1111111111010000 ( 336) ASCII_OFFSET    .FILL xFFD0
(30F8) FFCF  1111111111001111 ( 337) ASCII_NEGONE    .FILL xFFCF
(30F9) FFCA  1111111111001010 ( 338) ASCII_NEGSIX    .FILL xFFCA
(30FA) FFD3  1111111111010011 ( 339) ASCII_NEGHYP    .FILL xFFD3
(30FB) 002D  0000000000101101 ( 341) ROW1            .FILL x002D
(30FC) 002D  0000000000101101 ( 341)                 .FILL x002D
(30FD) 002D  0000000000101101 ( 341)                 .FILL x002D
(30FE) 002D  0000000000101101 ( 341)                 .FILL x002D
(30FF) 002D  0000000000101101 ( 341)                 .FILL x002D
(3100) 002D  0000000000101101 ( 341)                 .FILL x002D
(3101) 0000  0000000000000000 ( 341)                 .FILL x0000
(3102) 002D  0000000000101101 ( 342) ROW2            .FILL x002D
(3103) 002D  0000000000101101 ( 342)                 .FILL x002D
(3104) 002D  0000000000101101 ( 342)                 .FILL x002D
(3105) 002D  0000000000101101 ( 342)                 .FILL x002D
(3106) 002D  0000000000101101 ( 342)                 .FILL x002D
(3107) 002D  0000000000101101 ( 342)                 .FILL x002D
(3108) 0000  0000000000000000 ( 342)                 .FILL x0000
(3109) 002D  0000000000101101 ( 343) ROW3            .FILL x002D
(310A) 002D  0000000000101101 ( 343)                 .FILL x002D
(310B) 002D  0000000000101101 ( 343)                 .FILL x002D
(310C) 002D  0000000000101101 ( 343)                 .FILL x002D
(310D) 002D  0000000000101101 ( 343)                 .FILL x002D
(310E) 002D  0000000000101101 ( 343)                 .FILL x002D
(310F) 0000  0000000000000000 ( 343)                 .FILL x0000
(3110) 002D  0000000000101101 ( 344) ROW4            .FILL x002D
(3111) 002D  0000000000101101 ( 344)                 .FILL x002D
(3112) 002D  0000000000101101 ( 344)                 .FILL x002D
(3113) 002D  0000000000101101 ( 344)                 .FILL x002D
(3114) 002D  0000000000101101 ( 344)                 .FILL x002D
(3115) 002D  0000000000101101 ( 344)                 .FILL x002D
(3116) 0000  0000000000000000 ( 344)                 .FILL x0000
(3117) 002D  0000000000101101 ( 345) ROW5            .FILL x002D
(3118) 002D  0000000000101101 ( 345)                 .FILL x002D
(3119) 002D  0000000000101101 ( 345)                 .FILL x002D
(311A) 002D  0000000000101101 ( 345)                 .FILL x002D
(311B) 002D  0000000000101101 ( 345)                 .FILL x002D
(311C) 002D  0000000000101101 ( 345)                 .FILL x002D
(311D) 0000  0000000000000000 ( 345)                 .FILL x0000
(311E) 002D  0000000000101101 ( 346) ROW6            .FILL x002D
(311F) 002D  0000000000101101 ( 346)                 .FILL x002D
(3120) 002D  0000000000101101 ( 346)                 .FILL x002D
(3121) 002D  0000000000101101 ( 346)                 .FILL x002D
(3122) 002D  0000000000101101 ( 346)                 .FILL x002D
(3123) 002D  0000000000101101 ( 346)                 .FILL x002D
(3124) 0000  0000000000000000 ( 346)                 .FILL x0000
(3125) 3E18  0011111000011000 ( 367) DISPLAY_BOARD   ST    R7 DBR7
(3126) 3218  0011001000011000 ( 368)                 ST    R1 DBR1
(3127) 3418  0011010000011000 ( 369)                 ST    R2 DBR2
(3128) 3618  0011011000011000 ( 370)                 ST    R3 DBR3
(3129) E3D1  1110001111010001 ( 372)                 LEA   R1 ROW1
(312A) 16E6  0001011011100110 ( 373)                 ADD   R3 R3 #6
(312B) 14A5  0001010010100101 ( 374) L2              ADD   R2 R2 #5
(312C) 6040  0110000001000000 ( 375) L1              LDR   R0 R1 #0
(312D) F021  1111000000100001 ( 376)                 TRAP  x21
(312E) 21C4  0010000111000100 ( 377)                 LD    R0 ASCII_SPACE
(312F) F021  1111000000100001 ( 378)                 TRAP  x21
(3130) 1261  0001001001100001 ( 379)                 ADD   R1 R1 #1
(3131) 14BF  0001010010111111 ( 380)                 ADD   R2 R2 #-1
(3132) 03F9  0000001111111001 ( 381)                 BRP   L1
(3133) 6040  0110000001000000 ( 383)                 LDR   R0 R1 #0
(3134) F021  1111000000100001 ( 384)                 TRAP  x21
(3135) 21BE  0010000110111110 ( 385)                 LD    R0 ASCII_NEWLINE
(3136) F021  1111000000100001 ( 386)                 TRAP  x21
(3137) 1262  0001001001100010 ( 387)                 ADD   R1 R1 #2
(3138) 16FF  0001011011111111 ( 388)                 ADD   R3 R3 #-1
(3139) 03F1  0000001111110001 ( 389)                 BRP   L2
(313A) 2E03  0010111000000011 ( 392)                 LD    R7 DBR7
(313B) 2203  0010001000000011 ( 393)                 LD    R1 DBR1
(313C) 2403  0010010000000011 ( 394)                 LD    R2 DBR2
(313D) 2603  0010011000000011 ( 395)                 LD    R3 DBR3
(313E) 0000  0000000000000000 ( 398) DBR7            .FILL x0000
(313F) 0000  0000000000000000 ( 399) DBR1            .FILL x0000
(3140) 0000  0000000000000000 ( 400) DBR2            .FILL x0000
(3141) 0000  0000000000000000 ( 401) DBR3            .FILL x0000
(3142) C1C0  1100000111000000 ( 401)                 RET   
(3143) 3038  0011000000111000 ( 412) GAME_OVER       ST    R0 GO_R0
(3144) 3E38  0011111000111000 ( 413)                 ST    R7 GO_R7
(3145) 23B0  0010001110110000 ( 415)                 LD    R1 WINNER
(3146) 0406  0000010000000110 ( 416)                 BRZ   TIED
(3147) 23AD  0010001110101101 ( 417)                 LD    R1 TURN
(3148) 127F  0001001001111111 ( 419)                 ADD   R1 R1 #-1
(3149) 0205  0000001000000101 ( 420)                 BRP   WIN2
(314A) E013  1110000000010011 ( 421)                 LEA   R0 P1
(314B) F022  1111000000100010 ( 423) OUTPUT          TRAP  x22
(314C) 0E04  0000111000000100 ( 424)                 BRNZP COMPLT
(314D) E006  1110000000000110 ( 426) TIED            LEA   R0 TIE
(314E) 0FFC  0000111111111100 ( 427)                 BRNZP OUTPUT
(314F) E01D  1110000000011101 ( 429) WIN2            LEA   R0 P2
(3150) 0FFA  0000111111111010 ( 430)                 BRNZP OUTPUT
(3151) 2E2B  0010111000101011 ( 432) COMPLT          LD    R7 GO_R7
(3152) 2029  0010000000101001 ( 433)                 LD    R0 GO_R0
(3153) C1C0  1100000111000000 ( 437)                 RET   
(3154) 0054  0000000001010100 ( 439) TIE             .FILL x0054
(3155) 0069  0000000001101001 ( 439)                 .FILL x0069
(3156) 0065  0000000001100101 ( 439)                 .FILL x0065
(3157) 0020  0000000000100000 ( 439)                 .FILL x0020
(3158) 0047  0000000001000111 ( 439)                 .FILL x0047
(3159) 0061  0000000001100001 ( 439)                 .FILL x0061
(315A) 006D  0000000001101101 ( 439)                 .FILL x006D
(315B) 0065  0000000001100101 ( 439)                 .FILL x0065
(315C) 002E  0000000000101110 ( 439)                 .FILL x002E
(315D) 0000  0000000000000000 ( 439)                 .FILL x0000
(315E) 0050  0000000001010000 ( 440) P1              .FILL x0050
(315F) 006C  0000000001101100 ( 440)                 .FILL x006C
(3160) 0061  0000000001100001 ( 440)                 .FILL x0061
(3161) 0079  0000000001111001 ( 440)                 .FILL x0079
(3162) 0065  0000000001100101 ( 440)                 .FILL x0065
(3163) 0072  0000000001110010 ( 440)                 .FILL x0072
(3164) 0020  0000000000100000 ( 440)                 .FILL x0020
(3165) 0031  0000000000110001 ( 440)                 .FILL x0031
(3166) 0020  0000000000100000 ( 440)                 .FILL x0020
(3167) 0057  0000000001010111 ( 440)                 .FILL x0057
(3168) 0069  0000000001101001 ( 440)                 .FILL x0069
(3169) 006E  0000000001101110 ( 440)                 .FILL x006E
(316A) 0073  0000000001110011 ( 440)                 .FILL x0073
(316B) 002E  0000000000101110 ( 440)                 .FILL x002E
(316C) 0000  0000000000000000 ( 440)                 .FILL x0000
(316D) 0050  0000000001010000 ( 441) P2              .FILL x0050
(316E) 006C  0000000001101100 ( 441)                 .FILL x006C
(316F) 0061  0000000001100001 ( 441)                 .FILL x0061
(3170) 0079  0000000001111001 ( 441)                 .FILL x0079
(3171) 0065  0000000001100101 ( 441)                 .FILL x0065
(3172) 0072  0000000001110010 ( 441)                 .FILL x0072
(3173) 0020  0000000000100000 ( 441)                 .FILL x0020
(3174) 0032  0000000000110010 ( 441)                 .FILL x0032
(3175) 0020  0000000000100000 ( 441)                 .FILL x0020
(3176) 0057  0000000001010111 ( 441)                 .FILL x0057
(3177) 0069  0000000001101001 ( 441)                 .FILL x0069
(3178) 006E  0000000001101110 ( 441)                 .FILL x006E
(3179) 0073  0000000001110011 ( 441)                 .FILL x0073
(317A) 002E  0000000000101110 ( 441)                 .FILL x002E
(317B) 0000  0000000000000000 ( 441)                 .FILL x0000
(317C) 0000  0000000000000000 ( 444) GO_R0           .FILL x0000
(317D) 0000  0000000000000000 ( 453) GO_R7           .FILL x0000
(317E) 3E26  0011111000100110 ( 455) CHECK_VALID     ST    R7 CV_R7
(317F) 3226  0011001000100110 ( 457)                 ST    R1 CV_R1
(3180) 3426  0011010000100110 ( 458)                 ST    R2 CV_R2
(3181) 3626  0011011000100110 ( 459)                 ST    R3 CV_R3
(3182) 3826  0011100000100110 ( 460)                 ST    R4 CV_R4
(3183) 3A20  0011101000100000 ( 461)                 ST    R5 CV_R5
(3184) E226  1110001000100110 ( 463)                 LEA   R1 CVx31
(3185) 5920  0101100100100000 ( 464)                 AND   R4 R4 #0
(3186) 1926  0001100100100110 ( 465)                 ADD   R4 R4 #6
(3187) 6440  0110010001000000 ( 466) KEEPLKG         LDR   R2 R1 #0
(3188) 94BF  1001010010111111 ( 468)                 NOT   R2 R2
(3189) 14A1  0001010010100001 ( 469)                 ADD   R2 R2 #1
(318A) 1602  0001011000000010 ( 470)                 ADD   R3 R0 R2
(318B) 0405  0000010000000101 ( 471)                 BRZ   VALID
(318C) 1261  0001001001100001 ( 472)                 ADD   R1 R1 #1
(318D) 193F  0001100100111111 ( 473)                 ADD   R4 R4 #-1
(318E) 03F8  0000001111111000 ( 474)                 BRP   KEEPLKG
(318F) 5DA0  0101110110100000 ( 475)                 AND   R6 R6 #0
(3190) 0E0B  0000111000001011 ( 476)                 BRNZP INVALID
(3191) 2365  0010001101100101 ( 479) VALID           LD    R1 ASCII_OFFSET
(3192) 1040  0001000001000000 ( 480)                 ADD   R0 R1 R0
(3193) E366  1110001101100110 ( 481)                 LEA   R1 ASCII_NEGHYP
(3194) 2565  0010010101100101 ( 482)                 LD    R2 ASCII_NEGHYP
(3195) 1201  0001001000000001 ( 484)                 ADD   R1 R0 R1
(3196) 6240  0110001001000000 ( 485)                 LDR   R1 R1 #0
(3197) 1642  0001011001000010 ( 486)                 ADD   R3 R1 R2
(3198) 0401  0000010000000001 ( 487)                 BRZ   NOTFULL
(3199) 0A02  0000101000000010 ( 488)                 BRNP  INVALID
(319A) 1C20  0001110000100000 ( 492) NOTFULL         ADD   R6 R0 #0
(319B) 0E01  0000111000000001 ( 493)                 BRNZP A
(319C) 5DA0  0101110110100000 ( 494) INVALID         AND   R6 R6 #0
(319D) 2E07  0010111000000111 ( 496) A               LD    R7 CV_R7
(319E) 2207  0010001000000111 ( 497)                 LD    R1 CV_R1
(319F) 2407  0010010000000111 ( 498)                 LD    R2 CV_R2
(31A0) 2607  0010011000000111 ( 499)                 LD    R3 CV_R3
(31A1) 2807  0010100000000111 ( 500)                 LD    R4 CV_R4
(31A2) 2A01  0010101000000001 ( 501)                 LD    R5 CV_R5
(31A3) C1C0  1100000111000000 ( 503)                 RET   
(31A4) 0000  0000000000000000 ( 505) CV_R5           .FILL x0000
(31A5) 0000  0000000000000000 ( 506) CV_R7           .FILL x0000
(31A6) 0000  0000000000000000 ( 507) CV_R1           .FILL x0000
(31A7) 0000  0000000000000000 ( 508) CV_R2           .FILL x0000
(31A8) 0000  0000000000000000 ( 509) CV_R3           .FILL x0000
(31A9) 0000  0000000000000000 ( 510) CV_R4           .FILL x0000
(31AA) 0000  0000000000000000 ( 511) CV_R6           .FILL x0000
(31AB) 0031  0000000000110001 ( 511) CVx31           .FILL x0031
(31AC) 0032  0000000000110010 ( 512) CVx32           .FILL x0032
(31AD) 0033  0000000000110011 ( 513) CVx33           .FILL x0033
(31AE) 0034  0000000000110100 ( 514) CVx34           .FILL x0034
(31AF) 0035  0000000000110101 ( 515) CVx35           .FILL x0035
(31B0) 0036  0000000000110110 ( 516) CVx36           .FILL x0036
(31B1) 0000  0000000000000000 ( 534) BOARD_PTR       .FILL x0000
(31B2) 302B  0011000000101011 ( 536) CHECK_HORIZONTAL ST    R0 CH_R0
(31B3) 322B  0011001000101011 ( 537)                 ST    R1 CH_R1
(31B4) 342B  0011010000101011 ( 538)                 ST    R2 CH_R2
(31B5) 362B  0011011000101011 ( 539)                 ST    R3 CH_R3
(31B6) 3C2B  0011110000101011 ( 540)                 ST    R6 CH_R6
(31B7) 3E2B  0011111000101011 ( 541)                 ST    R7 CH_R7
(31B8) 21F8  0010000111111000 ( 543)                 LD    R0 BOARD_PTR
(31B9) 137F  0001001101111111 ( 544)                 ADD   R1 R5 #-1
(31BA) 2429  0010010000101001 ( 545)                 LD    R2 ROWS
(31BB) 1660  0001011001100000 ( 546)                 ADD   R3 R1 #0
(31BC) 16C1  0001011011000001 ( 547) EQTN            ADD   R3 R3 R1
(31BD) 14BF  0001010010111111 ( 548)                 ADD   R2 R2 #-1
(31BE) 0401  0000010000000001 ( 549)                 BRZ   START
(31BF) 0FFC  0000111111111100 ( 550)                 BRNZP EQTN
(31C0) 1003  0001000000000011 ( 552) START           ADD   R0 R0 R3
(31C1) 2423  0010010000100011 ( 553) CHL             LD    R2 CHECK
(31C2) 6200  0110001000000000 ( 554) CHL1            LDR   R1 R0 #0
(31C3) 1021  0001000000100001 ( 555)                 ADD   R0 R0 #1
(31C4) 6600  0110011000000000 ( 556)                 LDR   R3 R0 #0
(31C5) 2D34  0010110100110100 ( 558)                 LD    R6 ASCII_NEGHYP
(31C6) 1CC6  0001110011000110 ( 559)                 ADD   R6 R3 R6
(31C7) 0407  0000010000000111 ( 560)                 BRZ   HYP
(31C8) 16E0  0001011011100000 ( 562)                 ADD   R3 R3 #0
(31C9) 0405  0000010000000101 ( 563)                 BRZ   HYP
(31CA) 98FF  1001100011111111 ( 564)                 NOT   R4 R3
(31CB) 1921  0001100100100001 ( 565)                 ADD   R4 R4 #1
(31CC) 1244  0001001001000100 ( 566)                 ADD   R1 R1 R4
(31CD) 0403  0000010000000011 ( 567)                 BRZ   MATCH
(31CE) 0FF2  0000111111110010 ( 568)                 BRNZP CHL
(31CF) 5920  0101100100100000 ( 570) HYP             AND   R4 R4 #0
(31D0) 0E06  0000111000000110 ( 571)                 BRNZP ENDCH
(31D1) 14BF  0001010010111111 ( 573) MATCH           ADD   R2 R2 #-1
(31D2) 0401  0000010000000001 ( 574)                 BRZ   GOOVER
(31D3) 0FEE  0000111111101110 ( 575)                 BRNZP CHL1
(31D4) 5920  0101100100100000 ( 577) GOOVER          AND   R4 R4 #0
(31D5) 1921  0001100100100001 ( 578)                 ADD   R4 R4 #1
(31D6) 0E00  0000111000000000 ( 579)                 BRNZP ENDCH
(31D7) 2006  0010000000000110 ( 581) ENDCH           LD    R0 CH_R0
(31D8) 2206  0010001000000110 ( 582)                 LD    R1 CH_R1
(31D9) 2406  0010010000000110 ( 583)                 LD    R2 CH_R2
(31DA) 2606  0010011000000110 ( 584)                 LD    R3 CH_R3
(31DB) 2C06  0010110000000110 ( 585)                 LD    R6 CH_R6
(31DC) 2E06  0010111000000110 ( 586)                 LD    R7 CH_R7
(31DD) C1C0  1100000111000000 ( 588)                 RET   
(31DE) 0000  0000000000000000 ( 591) CH_R0           .FILL x0000
(31DF) 0000  0000000000000000 ( 592) CH_R1           .FILL x0000
(31E0) 0000  0000000000000000 ( 593) CH_R2           .FILL x0000
(31E1) 0000  0000000000000000 ( 594) CH_R3           .FILL x0000
(31E2) 0000  0000000000000000 ( 595) CH_R6           .FILL x0000
(31E3) 0000  0000000000000000 ( 596) CH_R7           .FILL x0000
(31E4) 0006  0000000000000110 ( 596) ROWS            .FILL x0006
(31E5) 0003  0000000000000011 ( 597) CHECK           .FILL x0003
(31E6) 3036  0011000000110110 ( 609) CHECK_VERTICAL  ST    R0 VC_R0
(31E7) 3236  0011001000110110 ( 610)                 ST    R1 VC_R1
(31E8) 3436  0011010000110110 ( 611)                 ST    R2 VC_R2
(31E9) 3636  0011011000110110 ( 612)                 ST    R3 VC_R3
(31EA) 3A36  0011101000110110 ( 613)                 ST    R5 VC_R5
(31EB) 3C36  0011110000110110 ( 614)                 ST    R6 VC_R6
(31EC) 3E36  0011111000110110 ( 615)                 ST    R7 VC_R7
(31ED) 5020  0101000000100000 ( 617)                 AND   R0 R0 #0
(31EE) 5260  0101001001100000 ( 618)                 AND   R1 R1 #0
(31EF) 54A0  0101010010100000 ( 619)                 AND   R2 R2 #0
(31F0) 56E0  0101011011100000 ( 620)                 AND   R3 R3 #0
(31F1) 21BF  0010000110111111 ( 622)                 LD    R0 BOARD_PTR
(31F2) 137F  0001001101111111 ( 623)                 ADD   R1 R5 #-1
(31F3) 2430  0010010000110000 ( 624)                 LD    R2 ROWS2
(31F4) 1660  0001011001100000 ( 625)                 ADD   R3 R1 #0
(31F5) 16C1  0001011011000001 ( 626) EQTN2           ADD   R3 R3 R1
(31F6) 14BF  0001010010111111 ( 627)                 ADD   R2 R2 #-1
(31F7) 0401  0000010000000001 ( 628)                 BRZ   START2
(31F8) 0FFC  0000111111111100 ( 629)                 BRNZP EQTN2
(31F9) 1003  0001000000000011 ( 631) START2          ADD   R0 R0 R3
(31FA) 19BF  0001100110111111 ( 633)                 ADD   R4 R6 #-1
(31FB) 1004  0001000000000100 ( 634)                 ADD   R0 R0 R4
(31FC) 5920  0101100100100000 ( 635)                 AND   R4 R4 #0
(31FD) 2427  0010010000100111 ( 636) CVL             LD    R2 CHECK2
(31FE) 6200  0110001000000000 ( 637) CVL1            LDR   R1 R0 #0
(31FF) 1027  0001000000100111 ( 638)                 ADD   R0 R0 #7
(3200) 6600  0110011000000000 ( 639)                 LDR   R3 R0 #0
(3201) 5FE0  0101111111100000 ( 641)                 AND   R7 R7 #0
(3202) 2E23  0010111000100011 ( 642)                 LD    R7 MASK
(3203) 5EC7  0101111011000111 ( 643)                 AND   R7 R3 R7
(3204) 0A06  0000101000000110 ( 644)                 BRNP  HYP2
(3205) 98FF  1001100011111111 ( 646)                 NOT   R4 R3
(3206) 1921  0001100100100001 ( 647)                 ADD   R4 R4 #1
(3207) 1244  0001001001000100 ( 648)                 ADD   R1 R1 R4
(3208) 0406  0000010000000110 ( 650)                 BRZ   MATCH1
(3209) 5920  0101100100100000 ( 651)                 AND   R4 R4 #0
(320A) 0FF2  0000111111110010 ( 652)                 BRNZP CVL
(320B) 5920  0101100100100000 ( 654) HYP2            AND   R4 R4 #0
(320C) 5FE0  0101111111100000 ( 655)                 AND   R7 R7 #0
(320D) 2E15  0010111000010101 ( 656)                 LD    R7 VC_R7
(320E) 0E06  0000111000000110 ( 657)                 BRNZP ENDCV1
(320F) 14BF  0001010010111111 ( 659) MATCH1          ADD   R2 R2 #-1
(3210) 0401  0000010000000001 ( 660)                 BRZ   GOOVER1
(3211) 0FEC  0000111111101100 ( 661)                 BRNZP CVL1
(3212) 5920  0101100100100000 ( 663) GOOVER1         AND   R4 R4 #0
(3213) 1921  0001100100100001 ( 664)                 ADD   R4 R4 #1
(3214) 0E00  0000111000000000 ( 665)                 BRNZP ENDCV1
(3215) 2007  0010000000000111 ( 667) ENDCV1          LD    R0 VC_R0
(3216) 2207  0010001000000111 ( 668)                 LD    R1 VC_R1
(3217) 2407  0010010000000111 ( 669)                 LD    R2 VC_R2
(3218) 2607  0010011000000111 ( 670)                 LD    R3 VC_R3
(3219) 2A07  0010101000000111 ( 671)                 LD    R5 VC_R5
(321A) 2C07  0010110000000111 ( 672)                 LD    R6 VC_R6
(321B) 2E07  0010111000000111 ( 673)                 LD    R7 VC_R7
(321C) C1C0  1100000111000000 ( 676)                 RET   
(321D) 0000  0000000000000000 ( 678) VC_R0           .FILL x0000
(321E) 0000  0000000000000000 ( 679) VC_R1           .FILL x0000
(321F) 0000  0000000000000000 ( 680) VC_R2           .FILL x0000
(3220) 0000  0000000000000000 ( 681) VC_R3           .FILL x0000
(3221) 0000  0000000000000000 ( 682) VC_R5           .FILL x0000
(3222) 0000  0000000000000000 ( 683) VC_R6           .FILL x0000
(3223) 0000  0000000000000000 ( 684) VC_R7           .FILL x0000
(3224) 0006  0000000000000110 ( 684) ROWS2           .FILL x0006
(3225) 0003  0000000000000011 ( 685) CHECK2          .FILL x0003
(3226) FF00  1111111100000000 ( 686) MASK            .FILL xFF00
(3227) 3E06  0011111000000110 ( 698) CHECK_DIAGONALS ST    R7 CD_R7
(3228) 4806  0100100000000110 ( 699)                 JSR   CHECK_D1
(3229) 1920  0001100100100000 ( 700)                 ADD   R4 R4 #0
(322A) 0201  0000001000000001 ( 701)                 BRP   DONE
(322B) 4843  0100100001000011 ( 703)                 JSR   CHECK_D2
(322C) 2E01  0010111000000001 ( 704) DONE            LD    R7 CD_R7
(322D) C1C0  1100000111000000 ( 706)                 RET   
(322E) 0000  0000000000000000 ( 716) CD_R7           .FILL x0000
(322F) 3037  0011000000110111 ( 718) CHECK_D1        ST    R0 D1_R0
(3230) 3237  0011001000110111 ( 719)                 ST    R1 D1_R1
(3231) 3437  0011010000110111 ( 720)                 ST    R2 D1_R2
(3232) 3637  0011011000110111 ( 721)                 ST    R3 D1_R3
(3233) 3A37  0011101000110111 ( 722)                 ST    R5 D1_R5
(3234) 3C37  0011110000110111 ( 723)                 ST    R6 D1_R6
(3235) 3E37  0011111000110111 ( 724)                 ST    R7 D1_R7
(3236) 217A  0010000101111010 ( 726)                 LD    R0 BOARD_PTR
(3237) 137F  0001001101111111 ( 727)                 ADD   R1 R5 #-1
(3238) 2435  0010010000110101 ( 728)                 LD    R2 ROWSD
(3239) 1660  0001011001100000 ( 729)                 ADD   R3 R1 #0
(323A) 16C1  0001011011000001 ( 730) LOOPD1          ADD   R3 R3 R1
(323B) 14BF  0001010010111111 ( 731)                 ADD   R2 R2 #-1
(323C) 0401  0000010000000001 ( 732)                 BRZ   STARTD1
(323D) 0FFC  0000111111111100 ( 733)                 BRNZP LOOPD1
(323E) 1003  0001000000000011 ( 735) STARTD1         ADD   R0 R0 R3
(323F) 19BF  0001100110111111 ( 736)                 ADD   R4 R6 #-1
(3240) 1004  0001000000000100 ( 737)                 ADD   R0 R0 R4
(3241) 54A0  0101010010100000 ( 739)                 AND   R2 R2 #0
(3242) 1480  0001010010000000 ( 740)                 ADD   R2 R2 R0
(3243) 6200  0110001000000000 ( 741) MOVES           LDR   R1 R0 #0
(3244) 14B8  0001010010111000 ( 742)                 ADD   R2 R2 #-8
(3245) 6680  0110011010000000 ( 743)                 LDR   R3 R2 #0
(3246) 9AFF  1001101011111111 ( 744)                 NOT   R5 R3
(3247) 1B61  0001101101100001 ( 745)                 ADD   R5 R5 #1
(3248) 1B41  0001101101000001 ( 746)                 ADD   R5 R5 R1
(3249) 05F9  0000010111111001 ( 747)                 BRZ   MOVES
(324A) 14A8  0001010010101000 ( 749)                 ADD   R2 R2 #8
(324B) 5020  0101000000100000 ( 750)                 AND   R0 R0 #0
(324C) 1080  0001000010000000 ( 751)                 ADD   R0 R2 R0
(324D) 5DA0  0101110110100000 ( 752)                 AND   R6 R6 #0
(324E) 1DA4  0001110110100100 ( 753)                 ADD   R6 R6 #4
(324F) 1DBF  0001110110111111 ( 754) DIAGL           ADD   R6 R6 #-1
(3250) 040B  0000010000001011 ( 755)                 BRZ   WINS
(3251) 6200  0110001000000000 ( 756)                 LDR   R1 R0 #0
(3252) 14A8  0001010010101000 ( 757)                 ADD   R2 R2 #8
(3253) 6680  0110011010000000 ( 758)                 LDR   R3 R2 #0
(3254) 0405  0000010000000101 ( 759)                 BRZ   NOWIN
(3255) 9AFF  1001101011111111 ( 760)                 NOT   R5 R3
(3256) 1B61  0001101101100001 ( 761)                 ADD   R5 R5 #1
(3257) 1B41  0001101101000001 ( 762)                 ADD   R5 R5 R1
(3258) 05F6  0000010111110110 ( 763)                 BRZ   DIAGL
(3259) 0A00  0000101000000000 ( 764)                 BRNP  NOWIN
(325A) 5920  0101100100100000 ( 766) NOWIN           AND   R4 R4 #0
(325B) 0E03  0000111000000011 ( 767)                 BRNZP RETURN
(325C) 5920  0101100100100000 ( 769) WINS            AND   R4 R4 #0
(325D) 1921  0001100100100001 ( 770)                 ADD   R4 R4 #1
(325E) 0E00  0000111000000000 ( 771)                 BRNZP RETURN
(325F) 2007  0010000000000111 ( 773) RETURN          LD    R0 D1_R0
(3260) 2207  0010001000000111 ( 774)                 LD    R1 D1_R1
(3261) 2407  0010010000000111 ( 775)                 LD    R2 D1_R2
(3262) 2607  0010011000000111 ( 776)                 LD    R3 D1_R3
(3263) 2A07  0010101000000111 ( 777)                 LD    R5 D1_R5
(3264) 2C07  0010110000000111 ( 778)                 LD    R6 D1_R6
(3265) 2E07  0010111000000111 ( 779)                 LD    R7 D1_R7
(3266) C1C0  1100000111000000 ( 781)                 RET   
(3267) 0000  0000000000000000 ( 783) D1_R0           .FILL x0000
(3268) 0000  0000000000000000 ( 784) D1_R1           .FILL x0000
(3269) 0000  0000000000000000 ( 785) D1_R2           .FILL x0000
(326A) 0000  0000000000000000 ( 786) D1_R3           .FILL x0000
(326B) 0000  0000000000000000 ( 787) D1_R5           .FILL x0000
(326C) 0000  0000000000000000 ( 788) D1_R6           .FILL x0000
(326D) 0000  0000000000000000 ( 789) D1_R7           .FILL x0000
(326E) 0006  0000000000000110 ( 789) ROWSD           .FILL x0006
(326F) 3035  0011000000110101 ( 800) CHECK_D2        ST    R0 D2_R0
(3270) 3235  0011001000110101 ( 801)                 ST    R1 D2_R1
(3271) 3435  0011010000110101 ( 802)                 ST    R2 D2_R2
(3272) 3635  0011011000110101 ( 803)                 ST    R3 D2_R3
(3273) 3E37  0011111000110111 ( 804)                 ST    R7 D2_R7
(3274) 213C  0010000100111100 ( 806)                 LD    R0 BOARD_PTR
(3275) 137F  0001001101111111 ( 807)                 ADD   R1 R5 #-1
(3276) 2435  0010010000110101 ( 808)                 LD    R2 ROWA
(3277) 1660  0001011001100000 ( 809)                 ADD   R3 R1 #0
(3278) 16C1  0001011011000001 ( 810) LOOPD2          ADD   R3 R3 R1
(3279) 14BF  0001010010111111 ( 811)                 ADD   R2 R2 #-1
(327A) 0401  0000010000000001 ( 812)                 BRZ   STARTD2
(327B) 0FFC  0000111111111100 ( 813)                 BRNZP LOOPD2
(327C) 1003  0001000000000011 ( 816) STARTD2         ADD   R0 R0 R3
(327D) 19BF  0001100110111111 ( 817)                 ADD   R4 R6 #-1
(327E) 1004  0001000000000100 ( 818)                 ADD   R0 R0 R4
(327F) 54A0  0101010010100000 ( 819)                 AND   R2 R2 #0
(3280) 1480  0001010010000000 ( 820)                 ADD   R2 R2 R0
(3281) 6200  0110001000000000 ( 822) MOVES1          LDR   R1 R0 #0
(3282) 14BA  0001010010111010 ( 823)                 ADD   R2 R2 #-6
(3283) 6680  0110011010000000 ( 824)                 LDR   R3 R2 #0
(3284) 9AFF  1001101011111111 ( 825)                 NOT   R5 R3
(3285) 1B61  0001101101100001 ( 826)                 ADD   R5 R5 #1
(3286) 1B41  0001101101000001 ( 827)                 ADD   R5 R5 R1
(3287) 05F9  0000010111111001 ( 828)                 BRZ   MOVES1
(3288) 14A6  0001010010100110 ( 830)                 ADD   R2 R2 #6
(3289) 5020  0101000000100000 ( 831)                 AND   R0 R0 #0
(328A) 1080  0001000010000000 ( 832)                 ADD   R0 R2 R0
(328B) 5DA0  0101110110100000 ( 834)                 AND   R6 R6 #0
(328C) 1DA4  0001110110100100 ( 835)                 ADD   R6 R6 #4
(328D) 1DBF  0001110110111111 ( 836) CHECKDD         ADD   R6 R6 #-1
(328E) 040B  0000010000001011 ( 837)                 BRZ   YAY
(328F) 6200  0110001000000000 ( 839)                 LDR   R1 R0 #0
(3290) 14A6  0001010010100110 ( 840)                 ADD   R2 R2 #6
(3291) 6680  0110011010000000 ( 841)                 LDR   R3 R2 #0
(3292) 0405  0000010000000101 ( 842)                 BRZ   NAHFAM
(3293) 9AFF  1001101011111111 ( 843)                 NOT   R5 R3
(3294) 1B61  0001101101100001 ( 844)                 ADD   R5 R5 #1
(3295) 1B41  0001101101000001 ( 845)                 ADD   R5 R5 R1
(3296) 05F6  0000010111110110 ( 846)                 BRZ   CHECKDD
(3297) 0E00  0000111000000000 ( 847)                 BRNZP NAHFAM
(3298) 5920  0101100100100000 ( 849) NAHFAM          AND   R4 R4 #0
(3299) 0E03  0000111000000011 ( 850)                 BRNZP DONEZO
(329A) 5920  0101100100100000 ( 852) YAY             AND   R4 R4 #0
(329B) 1921  0001100100100001 ( 853)                 ADD   R4 R4 #1
(329C) 0E00  0000111000000000 ( 854)                 BRNZP DONEZO
(329D) 2007  0010000000000111 ( 856) DONEZO          LD    R0 D2_R0
(329E) 2207  0010001000000111 ( 857)                 LD    R1 D2_R1
(329F) 2407  0010010000000111 ( 858)                 LD    R2 D2_R2
(32A0) 2607  0010011000000111 ( 859)                 LD    R3 D2_R3
(32A1) 2A07  0010101000000111 ( 860)                 LD    R5 D2_R5
(32A2) 2C07  0010110000000111 ( 861)                 LD    R6 D2_R6
(32A3) 2E07  0010111000000111 ( 862)                 LD    R7 D2_R7
(32A4) C1C0  1100000111000000 ( 865)                 RET   
(32A5) 0000  0000000000000000 ( 869) D2_R0           .FILL x0000
(32A6) 0000  0000000000000000 ( 870) D2_R1           .FILL x0000
(32A7) 0000  0000000000000000 ( 871) D2_R2           .FILL x0000
(32A8) 0000  0000000000000000 ( 872) D2_R3           .FILL x0000
(32A9) 0000  0000000000000000 ( 873) D2_R5           .FILL x0000
(32AA) 0000  0000000000000000 ( 874) D2_R6           .FILL x0000
(32AB) 0000  0000000000000000 ( 875) D2_R7           .FILL x0000
(32AC) 0006  0000000000000110 ( 875) ROWA            .FILL x0006
