(0000) 3000  0011000000000000 (   1)                 .ORIG x3000
(3000) 5260  0101001001100000 (   9)                 AND   R1 R1 #0
(3001) 54A0  0101010010100000 (  10)                 AND   R2 R2 #0
(3002) 56E0  0101011011100000 (  11)                 AND   R3 R3 #0
(3003) 5920  0101100100100000 (  12)                 AND   R4 R4 #0
(3004) 5B60  0101101101100000 (  13)                 AND   R5 R5 #0
(3005) 5DA0  0101110110100000 (  14)                 AND   R6 R6 #0
(3006) 5FE0  0101111111100000 (  15)                 AND   R7 R7 #0
(3007) 20BD  0010000010111101 (  18)                 LD    R0 MASKID
(3008) 22C1  0010001011000001 (  19)                 LD    R1 LIST
(3009) 1461  0001010001100001 (  20)                 ADD   R2 R1 #1
(300A) 6640  0110011001000000 (  21)                 LDR   R3 R1 #0
(300B) 5603  0101011000000011 (  22)                 AND   R3 R0 R3
(300C) 04B1  0000010010110001 (  23)                 BRZ   NOSTUDENT
(300D) 1FE1  0001111111100001 (  24)                 ADD   R7 R7 #1
(300E) 6640  0110011001000000 (  25)                 LDR   R3 R1 #0
(300F) 20B6  0010000010110110 (  26) LOOP1           LD    R0 MASKSCORE
(3010) 5603  0101011000000011 (  27)                 AND   R3 R0 R3
(3011) 20B3  0010000010110011 (  29)                 LD    R0 MASKID
(3012) 6880  0110100010000000 (  30)                 LDR   R4 R2 #0
(3013) 5804  0101100000000100 (  31)                 AND   R4 R0 R4
(3014) 0417  0000010000010111 (  32)                 BRZ   STOPSORT
(3015) 1FE1  0001111111100001 (  33)                 ADD   R7 R7 #1
(3016) 20AF  0010000010101111 (  34)                 LD    R0 MASKSCORE
(3017) 6880  0110100010000000 (  35)                 LDR   R4 R2 #0
(3018) 5804  0101100000000100 (  36)                 AND   R4 R0 R4
(3019) 993F  1001100100111111 (  39)                 NOT   R4 R4
(301A) 1921  0001100100100001 (  40)                 ADD   R4 R4 #1
(301B) 1AC4  0001101011000100 (  41)                 ADD   R5 R3 R4
(301C) 0201  0000001000000001 (  42)                 BRP   SWAP
(301D) 0C09  0000110000001001 (  43)                 BRNZ  DONTSWAP
(301E) 6640  0110011001000000 (  47) SWAP            LDR   R3 R1 #0
(301F) 6880  0110100010000000 (  48)                 LDR   R4 R2 #0
(3020) 7840  0111100001000000 (  49)                 STR   R4 R1 #0
(3021) 7680  0111011010000000 (  50)                 STR   R3 R2 #0
(3022) 1261  0001001001100001 (  51)                 ADD   R1 R1 #1
(3023) 14A1  0001010010100001 (  52)                 ADD   R2 R2 #1
(3024) 6640  0110011001000000 (  53)                 LDR   R3 R1 #0
(3025) 6880  0110100010000000 (  54)                 LDR   R4 R2 #0
(3026) 0FE8  0000111111101000 (  55)                 BRNZP LOOP1
(3027) 1261  0001001001100001 (  57) DONTSWAP        ADD   R1 R1 #1
(3028) 14A1  0001010010100001 (  58)                 ADD   R2 R2 #1
(3029) 6640  0110011001000000 (  59)                 LDR   R3 R1 #0
(302A) 6880  0110100010000000 (  60)                 LDR   R4 R2 #0
(302B) 0FE3  0000111111100011 (  61)                 BRNZP LOOP1
(302C) BE9B  1011111010011011 (  64) STOPSORT        STI   R7 NUMST
(302D) 0E00  0000111000000000 (  65)                 BRNZP PHASE2
(302E) 2096  0010000010010110 (  71) PHASE2          LD    R0 MASKID
(302F) 229A  0010001010011010 (  72)                 LD    R1 LIST
(3030) 1461  0001010001100001 (  73)                 ADD   R2 R1 #1
(3031) 6640  0110011001000000 (  74)                 LDR   R3 R1 #0
(3032) 5603  0101011000000011 (  75)                 AND   R3 R0 R3
(3033) 6640  0110011001000000 (  77)                 LDR   R3 R1 #0
(3034) 2091  0010000010010001 (  78) LOOP2           LD    R0 MASKSCORE
(3035) 5603  0101011000000011 (  79)                 AND   R3 R0 R3
(3036) 208E  0010000010001110 (  81)                 LD    R0 MASKID
(3037) 6880  0110100010000000 (  82)                 LDR   R4 R2 #0
(3038) 5804  0101100000000100 (  83)                 AND   R4 R0 R4
(3039) 0416  0000010000010110 (  84)                 BRZ   STOPSORT1
(303A) 208B  0010000010001011 (  85)                 LD    R0 MASKSCORE
(303B) 6880  0110100010000000 (  86)                 LDR   R4 R2 #0
(303C) 5804  0101100000000100 (  87)                 AND   R4 R0 R4
(303D) 993F  1001100100111111 (  90)                 NOT   R4 R4
(303E) 1921  0001100100100001 (  91)                 ADD   R4 R4 #1
(303F) 1AC4  0001101011000100 (  92)                 ADD   R5 R3 R4
(3040) 0201  0000001000000001 (  93)                 BRP   SWAP1
(3041) 0C09  0000110000001001 (  94)                 BRNZ  DONTSWAP1
(3042) 6640  0110011001000000 (  98) SWAP1           LDR   R3 R1 #0
(3043) 6880  0110100010000000 (  99)                 LDR   R4 R2 #0
(3044) 7840  0111100001000000 ( 100)                 STR   R4 R1 #0
(3045) 7680  0111011010000000 ( 101)                 STR   R3 R2 #0
(3046) 1261  0001001001100001 ( 102)                 ADD   R1 R1 #1
(3047) 14A1  0001010010100001 ( 103)                 ADD   R2 R2 #1
(3048) 6640  0110011001000000 ( 104)                 LDR   R3 R1 #0
(3049) 6880  0110100010000000 ( 105)                 LDR   R4 R2 #0
(304A) 0FE9  0000111111101001 ( 106)                 BRNZP LOOP2
(304B) 1261  0001001001100001 ( 108) DONTSWAP1       ADD   R1 R1 #1
(304C) 14A1  0001010010100001 ( 109)                 ADD   R2 R2 #1
(304D) 6640  0110011001000000 ( 110)                 LDR   R3 R1 #0
(304E) 6880  0110100010000000 ( 111)                 LDR   R4 R2 #0
(304F) 0FE4  0000111111100100 ( 112)                 BRNZP LOOP2
(3050) 1FFF  0001111111111111 ( 115) STOPSORT1       ADD   R7 R7 #-1
(3051) 0401  0000010000000001 ( 116)                 BRZ   STOP
(3052) 0BDB  0000101111011011 ( 117)                 BRNP  PHASE2
(3053) AC74  1010110001110100 ( 120) STOP            LDI   R6 NUMST
(3054) 2E74  0010111001110100 ( 121)                 LD    R7 MEDST
(3055) 1D87  0001110110000111 ( 122)                 ADD   R6 R6 R7
(3056) 6D80  0110110110000000 ( 124)                 LDR   R6 R6 #0
(3057) 206E  0010000001101110 ( 125)                 LD    R0 MASKSCORE
(3058) 5D80  0101110110000000 ( 126)                 AND   R6 R6 R0
(3059) 2E70  0010111001110000 ( 128)                 LD    R7 LIST
(305A) 6FC0  0110111111000000 ( 129)                 LDR   R7 R7 #0
(305B) 5FC0  0101111111000000 ( 130)                 AND   R7 R7 R0
(305C) BC6A  1011110001101010 ( 132)                 STI   R6 RANGEST
(305D) AC69  1010110001101001 ( 133)                 LDI   R6 RANGEST
(305E) 1D86  0001110110000110 ( 134)                 ADD   R6 R6 R6
(305F) 1D86  0001110110000110 ( 135)                 ADD   R6 R6 R6
(3060) 1D86  0001110110000110 ( 136)                 ADD   R6 R6 R6
(3061) 1D86  0001110110000110 ( 137)                 ADD   R6 R6 R6
(3062) 1D86  0001110110000110 ( 138)                 ADD   R6 R6 R6
(3063) 1D86  0001110110000110 ( 139)                 ADD   R6 R6 R6
(3064) 1D86  0001110110000110 ( 140)                 ADD   R6 R6 R6
(3065) 1D86  0001110110000110 ( 141)                 ADD   R6 R6 R6
(3066) BC60  1011110001100000 ( 142)                 STI   R6 RANGEST
(3067) 1DC6  0001110111000110 ( 143)                 ADD   R6 R7 R6
(3068) BC5E  1011110001011110 ( 144)                 STI   R6 RANGEST
(3069) 0E00  0000111000000000 ( 145)                 BRNZP MEDIAN
(306A) 2E5F  0010111001011111 ( 148) MEDIAN          LD    R7 LIST
(306B) AC5C  1010110001011100 ( 149)                 LDI   R6 NUMST
(306C) 5DA1  0101110110100001 ( 150)                 AND   R6 R6 #1
(306D) 0201  0000001000000001 ( 151)                 BRP   ODD
(306E) 041B  0000010000011011 ( 152)                 BRZ   EVEN
(306F) AC58  1010110001011000 ( 155) ODD             LDI   R6 NUMST
(3070) 5260  0101001001100000 ( 156)                 AND   R1 R1 #0
(3071) 126F  0001001001101111 ( 157)                 ADD   R1 R1 #15
(3072) 1DA0  0001110110100000 ( 160)                 ADD   R6 R6 #0
(3073) 0201  0000001000000001 ( 161)                 BRP   ODDPOS
(3074) 0806  0000100000000110 ( 162)                 BRN   ODDNEG
(3075) 1D86  0001110110000110 ( 164) ODDPOS          ADD   R6 R6 R6
(3076) 127F  0001001001111111 ( 165)                 ADD   R1 R1 #-1
(3077) 040A  0000010000001010 ( 166)                 BRZ   STOREODD
(3078) 1DA0  0001110110100000 ( 167)                 ADD   R6 R6 #0
(3079) 03FB  0000001111111011 ( 168)                 BRP   ODDPOS
(307A) 0800  0000100000000000 ( 169)                 BRN   ODDNEG
(307B) 1D86  0001110110000110 ( 171) ODDNEG          ADD   R6 R6 R6
(307C) 1DA1  0001110110100001 ( 172)                 ADD   R6 R6 #1
(307D) 127F  0001001001111111 ( 173)                 ADD   R1 R1 #-1
(307E) 0403  0000010000000011 ( 174)                 BRZ   STOREODD
(307F) 1DA0  0001110110100000 ( 175)                 ADD   R6 R6 #0
(3080) 03F4  0000001111110100 ( 176)                 BRP   ODDPOS
(3081) 09F9  0000100111111001 ( 177)                 BRN   ODDNEG
(3082) 2048  0010000001001000 ( 180) STOREODD        LD    R0 ODDMASK
(3083) 5D80  0101110110000000 ( 181)                 AND   R6 R6 R0
(3084) 1DC6  0001110111000110 ( 182)                 ADD   R6 R7 R6
(3085) 6F80  0110111110000000 ( 183)                 LDR   R7 R6 #0
(3086) 203F  0010000000111111 ( 184)                 LD    R0 MASKSCORE
(3087) 5FC0  0101111111000000 ( 185)                 AND   R7 R7 R0
(3088) BE40  1011111001000000 ( 186)                 STI   R7 MEDST
(3089) 0E3A  0000111000111010 ( 187)                 BRNZP END
(308A) AC3D  1010110000111101 ( 189) EVEN            LDI   R6 NUMST
(308B) 5260  0101001001100000 ( 190)                 AND   R1 R1 #0
(308C) 126F  0001001001101111 ( 191)                 ADD   R1 R1 #15
(308D) 1DA0  0001110110100000 ( 194)                 ADD   R6 R6 #0
(308E) 0201  0000001000000001 ( 195)                 BRP   EVENPOS
(308F) 0806  0000100000000110 ( 196)                 BRN   EVENNEG
(3090) 1D86  0001110110000110 ( 198) EVENPOS         ADD   R6 R6 R6
(3091) 127F  0001001001111111 ( 199)                 ADD   R1 R1 #-1
(3092) 040A  0000010000001010 ( 200)                 BRZ   CALCEVEN
(3093) 1DA0  0001110110100000 ( 201)                 ADD   R6 R6 #0
(3094) 03FB  0000001111111011 ( 202)                 BRP   EVENPOS
(3095) 0800  0000100000000000 ( 203)                 BRN   EVENNEG
(3096) 1D86  0001110110000110 ( 205) EVENNEG         ADD   R6 R6 R6
(3097) 1DA1  0001110110100001 ( 206)                 ADD   R6 R6 #1
(3098) 127F  0001001001111111 ( 207)                 ADD   R1 R1 #-1
(3099) 0403  0000010000000011 ( 208)                 BRZ   CALCEVEN
(309A) 1DA0  0001110110100000 ( 209)                 ADD   R6 R6 #0
(309B) 03F4  0000001111110100 ( 210)                 BRP   EVENPOS
(309C) 09F9  0000100111111001 ( 211)                 BRN   EVENNEG
(309D) 202D  0010000000101101 ( 214) CALCEVEN        LD    R0 ODDMASK
(309E) 5D80  0101110110000000 ( 215)                 AND   R6 R6 R0
(309F) 1DC6  0001110111000110 ( 216)                 ADD   R6 R7 R6
(30A0) 1BBF  0001101110111111 ( 218)                 ADD   R5 R6 #-1
(30A1) 6F80  0110111110000000 ( 219)                 LDR   R7 R6 #0
(30A2) 6940  0110100101000000 ( 220)                 LDR   R4 R5 #0
(30A3) 2022  0010000000100010 ( 221)                 LD    R0 MASKSCORE
(30A4) 5E07  0101111000000111 ( 222)                 AND   R7 R0 R7
(30A5) 5804  0101100000000100 ( 223)                 AND   R4 R0 R4
(30A6) 1D07  0001110100000111 ( 224)                 ADD   R6 R4 R7
(30A7) 0E00  0000111000000000 ( 225)                 BRNZP EVENMED
(30A8) 5260  0101001001100000 ( 228) EVENMED         AND   R1 R1 #0
(30A9) 126F  0001001001101111 ( 229)                 ADD   R1 R1 #15
(30AA) 1DA0  0001110110100000 ( 231)                 ADD   R6 R6 #0
(30AB) 0201  0000001000000001 ( 232)                 BRP   EVENPOS1
(30AC) 0806  0000100000000110 ( 233)                 BRN   EVENNEG1
(30AD) 1D86  0001110110000110 ( 235) EVENPOS1        ADD   R6 R6 R6
(30AE) 127F  0001001001111111 ( 236)                 ADD   R1 R1 #-1
(30AF) 040A  0000010000001010 ( 237)                 BRZ   STOREEVEN
(30B0) 1DA0  0001110110100000 ( 238)                 ADD   R6 R6 #0
(30B1) 03FB  0000001111111011 ( 239)                 BRP   EVENPOS1
(30B2) 0800  0000100000000000 ( 240)                 BRN   EVENNEG1
(30B3) 1D86  0001110110000110 ( 242) EVENNEG1        ADD   R6 R6 R6
(30B4) 1DA1  0001110110100001 ( 243)                 ADD   R6 R6 #1
(30B5) 127F  0001001001111111 ( 244)                 ADD   R1 R1 #-1
(30B6) 0403  0000010000000011 ( 245)                 BRZ   STOREEVEN
(30B7) 1DA0  0001110110100000 ( 246)                 ADD   R6 R6 #0
(30B8) 03F4  0000001111110100 ( 247)                 BRP   EVENPOS1
(30B9) 09F9  0000100111111001 ( 248)                 BRN   EVENNEG1
(30BA) 2010  0010000000010000 ( 251) STOREEVEN       LD    R0 ODDMASK
(30BB) 5D80  0101110110000000 ( 252)                 AND   R6 R6 R0
(30BC) BC0C  1011110000001100 ( 253)                 STI   R6 MEDST
(30BD) 0E06  0000111000000110 ( 254)                 BRNZP END
(30BE) 200D  0010000000001101 ( 256) NOSTUDENT       LD    R0 NONE
(30BF) B007  1011000000000111 ( 257)                 STI   R0 RANGEST
(30C0) B008  1011000000001000 ( 258)                 STI   R0 MEDST
(30C1) 5020  0101000000100000 ( 259)                 AND   R0 R0 #0
(30C2) B005  1011000000000101 ( 260)                 STI   R0 NUMST
(30C3) 0E00  0000111000000000 ( 261)                 BRNZP END
(30C4) F025  1111000000100101 ( 263) END             TRAP  x25
(30C5) FF00  1111111100000000 ( 266) MASKID          .FILL xFF00
(30C6) 00FF  0000000011111111 ( 267) MASKSCORE       .FILL x00FF
(30C7) 4000  0100000000000000 ( 268) RANGEST         .FILL x4000
(30C8) 4001  0100000000000001 ( 269) NUMST           .FILL x4001
(30C9) 4002  0100000000000010 ( 270) MEDST           .FILL x4002
(30CA) 4003  0100000000000011 ( 271) LIST            .FILL x4003
(30CB) 7FFF  0111111111111111 ( 272) ODDMASK         .FILL x7FFF
(30CC) FFFF  1111111111111111 ( 273) NONE            .FILL xFFFF
