(0000) 3000  0011000000000000 (  14)                 .ORIG x3000
(3000) 48E9  0100100011101001 (  19)                 JSR   INIT
(3001) 4923  0100100100100011 (  21) ROUND           JSR   DISPLAY_BOARD
(3002) 484E  0100100001001110 (  22)                 JSR   GET_MOVE
(3003) 487A  0100100001111010 (  23)                 JSR   UPDATE_BOARD
(3004) 48C5  0100100011000101 (  24)                 JSR   UPDATE_STATE
(3005) 1DA0  0001110110100000 (  26)                 ADD   R6 R6 #0
(3006) 05FA  0000010111111010 (  27)                 BRZ   ROUND
(3007) 491D  0100100100011101 (  29)                 JSR   DISPLAY_BOARD
(3008) 493A  0100100100111010 (  30)                 JSR   GAME_OVER
(3009) F025  1111000000100101 (  32)                 TRAP  x25
(300A) 3044  0011000001000100 (  46) DISPLAY_TURN    ST    R0 DT_R0
(300B) 3E44  0011111001000100 (  47)                 ST    R7 DT_R7
(300C) 20E8  0010000011101000 (  49)                 LD    R0 TURN
(300D) 103F  0001000000111111 (  50)                 ADD   R0 R0 #-1
(300E) 0203  0000001000000011 (  51)                 BRP   DT_P2
(300F) E007  1110000000000111 (  52)                 LEA   R0 DT_P1_PROMPT
(3010) F022  1111000000100010 (  53)                 TRAP  x22
(3011) 0E02  0000111000000010 (  54)                 BRNZP DT_DONE
(3012) E020  1110000000100000 (  56) DT_P2           LEA   R0 DT_P2_PROMPT
(3013) F022  1111000000100010 (  57)                 TRAP  x22
(3014) 203A  0010000000111010 (  61) DT_DONE         LD    R0 DT_R0
(3015) 2E3A  0010111000111010 (  62)                 LD    R7 DT_R7
(3016) C1C0  1100000111000000 (  64)                 RET   
(3017) 0050  0000000001010000 (  65) DT_P1_PROMPT    .FILL x0050
(3018) 006C  0000000001101100 (  65)                 .FILL x006C
(3019) 0061  0000000001100001 (  65)                 .FILL x0061
(301A) 0079  0000000001111001 (  65)                 .FILL x0079
(301B) 0065  0000000001100101 (  65)                 .FILL x0065
(301C) 0072  0000000001110010 (  65)                 .FILL x0072
(301D) 0020  0000000000100000 (  65)                 .FILL x0020
(301E) 0031  0000000000110001 (  65)                 .FILL x0031
(301F) 002C  0000000000101100 (  65)                 .FILL x002C
(3020) 0020  0000000000100000 (  65)                 .FILL x0020
(3021) 0063  0000000001100011 (  65)                 .FILL x0063
(3022) 0068  0000000001101000 (  65)                 .FILL x0068
(3023) 006F  0000000001101111 (  65)                 .FILL x006F
(3024) 006F  0000000001101111 (  65)                 .FILL x006F
(3025) 0073  0000000001110011 (  65)                 .FILL x0073
(3026) 0065  0000000001100101 (  65)                 .FILL x0065
(3027) 0020  0000000000100000 (  65)                 .FILL x0020
(3028) 0061  0000000001100001 (  65)                 .FILL x0061
(3029) 0020  0000000000100000 (  65)                 .FILL x0020
(302A) 0063  0000000001100011 (  65)                 .FILL x0063
(302B) 006F  0000000001101111 (  65)                 .FILL x006F
(302C) 006C  0000000001101100 (  65)                 .FILL x006C
(302D) 0075  0000000001110101 (  65)                 .FILL x0075
(302E) 006D  0000000001101101 (  65)                 .FILL x006D
(302F) 006E  0000000001101110 (  65)                 .FILL x006E
(3030) 003A  0000000000111010 (  65)                 .FILL x003A
(3031) 0020  0000000000100000 (  65)                 .FILL x0020
(3032) 0000  0000000000000000 (  65)                 .FILL x0000
(3033) 0050  0000000001010000 (  66) DT_P2_PROMPT    .FILL x0050
(3034) 006C  0000000001101100 (  66)                 .FILL x006C
(3035) 0061  0000000001100001 (  66)                 .FILL x0061
(3036) 0079  0000000001111001 (  66)                 .FILL x0079
(3037) 0065  0000000001100101 (  66)                 .FILL x0065
(3038) 0072  0000000001110010 (  66)                 .FILL x0072
(3039) 0020  0000000000100000 (  66)                 .FILL x0020
(303A) 0032  0000000000110010 (  66)                 .FILL x0032
(303B) 002C  0000000000101100 (  66)                 .FILL x002C
(303C) 0020  0000000000100000 (  66)                 .FILL x0020
(303D) 0063  0000000001100011 (  66)                 .FILL x0063
(303E) 0068  0000000001101000 (  66)                 .FILL x0068
(303F) 006F  0000000001101111 (  66)                 .FILL x006F
(3040) 006F  0000000001101111 (  66)                 .FILL x006F
(3041) 0073  0000000001110011 (  66)                 .FILL x0073
(3042) 0065  0000000001100101 (  66)                 .FILL x0065
(3043) 0020  0000000000100000 (  66)                 .FILL x0020
(3044) 0061  0000000001100001 (  66)                 .FILL x0061
(3045) 0020  0000000000100000 (  66)                 .FILL x0020
(3046) 0063  0000000001100011 (  66)                 .FILL x0063
(3047) 006F  0000000001101111 (  66)                 .FILL x006F
(3048) 006C  0000000001101100 (  66)                 .FILL x006C
(3049) 0075  0000000001110101 (  66)                 .FILL x0075
(304A) 006D  0000000001101101 (  66)                 .FILL x006D
(304B) 006E  0000000001101110 (  66)                 .FILL x006E
(304C) 003A  0000000000111010 (  66)                 .FILL x003A
(304D) 0020  0000000000100000 (  66)                 .FILL x0020
(304E) 0000  0000000000000000 (  66)                 .FILL x0000
(304F) 0000  0000000000000000 (  68) DT_R0           .FILL x0000
(3050) 0000  0000000000000000 (  79) DT_R7           .FILL x0000
(3051) 302A  0011000000101010 (  80) GET_MOVE        ST    R0 GM_R0
(3052) 3E2A  0011111000101010 (  81)                 ST    R7 GM_R7
(3053) 4FB6  0100111110110110 (  84) GM_REPEAT       JSR   DISPLAY_TURN
(3054) F020  1111000000100000 (  85)                 TRAP  x20
(3055) F021  1111000000100001 (  86)                 TRAP  x21
(3056) 492A  0100100100101010 (  87)                 JSR   CHECK_VALID
(3057) 209C  0010000010011100 (  88)                 LD    R0 ASCII_NEWLINE
(3058) F021  1111000000100001 (  89)                 TRAP  x21
(3059) 1DA0  0001110110100000 (  91)                 ADD   R6 R6 #0
(305A) 0205  0000001000000101 (  92)                 BRP   GM_VALID
(305B) E007  1110000000000111 (  94)                 LEA   R0 GM_INVALID_PROMPT
(305C) F022  1111000000100010 (  95)                 TRAP  x22
(305D) 2096  0010000010010110 (  96)                 LD    R0 ASCII_NEWLINE
(305E) F021  1111000000100001 (  97)                 TRAP  x21
(305F) 0FF3  0000111111110011 (  98)                 BRNZP GM_REPEAT
(3060) 201B  0010000000011011 ( 102) GM_VALID        LD    R0 GM_R0
(3061) 2E1B  0010111000011011 ( 103)                 LD    R7 GM_R7
(3062) C1C0  1100000111000000 ( 105)                 RET   
(3063) 0049  0000000001001001 ( 106) GM_INVALID_PROMPT .FILL x0049
(3064) 006E  0000000001101110 ( 106)                 .FILL x006E
(3065) 0076  0000000001110110 ( 106)                 .FILL x0076
(3066) 0061  0000000001100001 ( 106)                 .FILL x0061
(3067) 006C  0000000001101100 ( 106)                 .FILL x006C
(3068) 0069  0000000001101001 ( 106)                 .FILL x0069
(3069) 0064  0000000001100100 ( 106)                 .FILL x0064
(306A) 0020  0000000000100000 ( 106)                 .FILL x0020
(306B) 006D  0000000001101101 ( 106)                 .FILL x006D
(306C) 006F  0000000001101111 ( 106)                 .FILL x006F
(306D) 0076  0000000001110110 ( 106)                 .FILL x0076
(306E) 0065  0000000001100101 ( 106)                 .FILL x0065
(306F) 002E  0000000000101110 ( 106)                 .FILL x002E
(3070) 0020  0000000000100000 ( 106)                 .FILL x0020
(3071) 0054  0000000001010100 ( 106)                 .FILL x0054
(3072) 0072  0000000001110010 ( 106)                 .FILL x0072
(3073) 0079  0000000001111001 ( 106)                 .FILL x0079
(3074) 0020  0000000000100000 ( 106)                 .FILL x0020
(3075) 0061  0000000001100001 ( 106)                 .FILL x0061
(3076) 0067  0000000001100111 ( 106)                 .FILL x0067
(3077) 0061  0000000001100001 ( 106)                 .FILL x0061
(3078) 0069  0000000001101001 ( 106)                 .FILL x0069
(3079) 006E  0000000001101110 ( 106)                 .FILL x006E
(307A) 002E  0000000000101110 ( 106)                 .FILL x002E
(307B) 0000  0000000000000000 ( 106)                 .FILL x0000
(307C) 0000  0000000000000000 ( 108) GM_R0           .FILL x0000
(307D) 0000  0000000000000000 ( 117) GM_R7           .FILL x0000
(307E) 3221  0011001000100001 ( 118) UPDATE_BOARD    ST    R1 UP_R1
(307F) 3421  0011010000100001 ( 119)                 ST    R2 UP_R2
(3080) 3621  0011011000100001 ( 120)                 ST    R3 UP_R3
(3081) 3821  0011100000100001 ( 121)                 ST    R4 UP_R4
(3082) 3C22  0011110000100010 ( 122)                 ST    R6 UP_R6
(3083) 3E22  0011111000100010 ( 123)                 ST    R7 UP_R7
(3084) 5B60  0101101101100000 ( 126)                 AND   R5 R5 #0
(3085) 1B66  0001101101100110 ( 127)                 ADD   R5 R5 #6
(3086) E897  1110100010010111 ( 129)                 LEA   R4 ROW6
(3087) 1706  0001011100000110 ( 132) UB_NEXT_LEVEL   ADD   R3 R4 R6
(3088) 62FF  0110001011111111 ( 134)                 LDR   R1 R3 #-1
(3089) 2470  0010010001110000 ( 135)                 LD    R2 ASCII_NEGHYP
(308A) 1242  0001001001000010 ( 137)                 ADD   R1 R1 R2
(308B) 0403  0000010000000011 ( 138)                 BRZ   UB_LEVEL_FOUND
(308C) 1939  0001100100111001 ( 140)                 ADD   R4 R4 #-7
(308D) 1B7F  0001101101111111 ( 141)                 ADD   R5 R5 #-1
(308E) 0FF8  0000111111111000 ( 142)                 BRNZP UB_NEXT_LEVEL
(308F) 2865  0010100001100101 ( 145) UB_LEVEL_FOUND  LD    R4 TURN
(3090) 193F  0001100100111111 ( 146)                 ADD   R4 R4 #-1
(3091) 0203  0000001000000011 ( 147)                 BRP   UB_P2
(3092) 280C  0010100000001100 ( 149)                 LD    R4 ASCII_O
(3093) 78FF  0111100011111111 ( 150)                 STR   R4 R3 #-1
(3094) 0E02  0000111000000010 ( 152)                 BRNZP UB_DONE
(3095) 2808  0010100000001000 ( 154) UB_P2           LD    R4 ASCII_X
(3096) 78FF  0111100011111111 ( 155)                 STR   R4 R3 #-1
(3097) 2208  0010001000001000 ( 159) UB_DONE         LD    R1 UP_R1
(3098) 2408  0010010000001000 ( 160)                 LD    R2 UP_R2
(3099) 2608  0010011000001000 ( 161)                 LD    R3 UP_R3
(309A) 2808  0010100000001000 ( 162)                 LD    R4 UP_R4
(309B) 2C09  0010110000001001 ( 163)                 LD    R6 UP_R6
(309C) 2E09  0010111000001001 ( 164)                 LD    R7 UP_R7
(309D) C1C0  1100000111000000 ( 166)                 RET   
(309E) 0058  0000000001011000 ( 167) ASCII_X         .FILL x0058
(309F) 004F  0000000001001111 ( 168) ASCII_O         .FILL x004F
(30A0) 0000  0000000000000000 ( 170) UP_R1           .FILL x0000
(30A1) 0000  0000000000000000 ( 171) UP_R2           .FILL x0000
(30A2) 0000  0000000000000000 ( 172) UP_R3           .FILL x0000
(30A3) 0000  0000000000000000 ( 173) UP_R4           .FILL x0000
(30A4) 0000  0000000000000000 ( 174) UP_R5           .FILL x0000
(30A5) 0000  0000000000000000 ( 175) UP_R6           .FILL x0000
(30A6) 0000  0000000000000000 ( 183) UP_R7           .FILL x0000
(30A7) 300D  0011000000001101 ( 184) CHANGE_TURN     ST    R0 CT_R0
(30A8) 320D  0011001000001101 ( 185)                 ST    R1 CT_R1
(30A9) 3E0D  0011111000001101 ( 186)                 ST    R7 CT_R7
(30AA) 204A  0010000001001010 ( 188)                 LD    R0 TURN
(30AB) 123F  0001001000111111 ( 189)                 ADD   R1 R0 #-1
(30AC) 0402  0000010000000010 ( 190)                 BRZ   CT_TURN_P2
(30AD) 3247  0011001001000111 ( 192)                 ST    R1 TURN
(30AE) 0E02  0000111000000010 ( 193)                 BRNZP CT_DONE
(30AF) 1021  0001000000100001 ( 196) CT_TURN_P2      ADD   R0 R0 #1
(30B0) 3044  0011000001000100 ( 197)                 ST    R0 TURN
(30B1) 2003  0010000000000011 ( 200) CT_DONE         LD    R0 CT_R0
(30B2) 2203  0010001000000011 ( 201)                 LD    R1 CT_R1
(30B3) 2E03  0010111000000011 ( 202)                 LD    R7 CT_R7
(30B4) C1C0  1100000111000000 ( 204)                 RET   
(30B5) 0000  0000000000000000 ( 206) CT_R0           .FILL x0000
(30B6) 0000  0000000000000000 ( 207) CT_R1           .FILL x0000
(30B7) 0000  0000000000000000 ( 218) CT_R7           .FILL x0000
(30B8) 3A0E  0011101000001110 ( 219) CHECK_WINNER    ST    R5 CW_R5
(30B9) 3C0E  0011110000001110 ( 220)                 ST    R6 CW_R6
(30BA) 3E0E  0011111000001110 ( 221)                 ST    R7 CW_R7
(30BB) 5920  0101100100100000 ( 223)                 AND   R4 R4 #0
(30BC) 48F8  0100100011111000 ( 225)                 JSR   CHECK_HORIZONTAL
(30BD) 1920  0001100100100000 ( 226)                 ADD   R4 R4 #0
(30BE) 0204  0000001000000100 ( 227)                 BRP   CW_DONE
(30BF) 4929  0100100100101001 ( 229)                 JSR   CHECK_VERTICAL
(30C0) 1920  0001100100100000 ( 230)                 ADD   R4 R4 #0
(30C1) 0201  0000001000000001 ( 231)                 BRP   CW_DONE
(30C2) 4967  0100100101100111 ( 233)                 JSR   CHECK_DIAGONALS
(30C3) 2A03  0010101000000011 ( 237) CW_DONE         LD    R5 CW_R5
(30C4) 2C03  0010110000000011 ( 238)                 LD    R6 CW_R6
(30C5) 2E03  0010111000000011 ( 239)                 LD    R7 CW_R7
(30C6) C1C0  1100000111000000 ( 241)                 RET   
(30C7) 0000  0000000000000000 ( 243) CW_R5           .FILL x0000
(30C8) 0000  0000000000000000 ( 244) CW_R6           .FILL x0000
(30C9) 0000  0000000000000000 ( 258) CW_R7           .FILL x0000
(30CA) 301B  0011000000011011 ( 259) UPDATE_STATE    ST    R0 US_R0
(30CB) 321B  0011001000011011 ( 260)                 ST    R1 US_R1
(30CC) 381B  0011100000011011 ( 261)                 ST    R4 US_R4
(30CD) 3E1B  0011111000011011 ( 262)                 ST    R7 US_R7
(30CE) 4FE9  0100111111101001 ( 265)                 JSR   CHECK_WINNER
(30CF) 1920  0001100100100000 ( 267)                 ADD   R4 R4 #0
(30D0) 0209  0000001000001001 ( 268)                 BRP   US_OVER
(30D1) 5DA0  0101110110100000 ( 271)                 AND   R6 R6 #0
(30D2) 2011  0010000000010001 ( 273)                 LD    R0 NBR_FILLED
(30D3) 1021  0001000000100001 ( 274)                 ADD   R0 R0 #1
(30D4) 300F  0011000000001111 ( 275)                 ST    R0 NBR_FILLED
(30D5) 220F  0010001000001111 ( 277)                 LD    R1 MAX_FILLED
(30D6) 1201  0001001000000001 ( 278)                 ADD   R1 R0 R1
(30D7) 0406  0000010000000110 ( 279)                 BRZ   US_TIE
(30D8) 4FCE  0100111111001110 ( 282) US_NOT_OVER     JSR   CHANGE_TURN
(30D9) 0E05  0000111000000101 ( 283)                 BRNZP US_DONE
(30DA) 1DA1  0001110110100001 ( 286) US_OVER         ADD   R6 R6 #1
(30DB) 2019  0010000000011001 ( 287)                 LD    R0 TURN
(30DC) 3019  0011000000011001 ( 288)                 ST    R0 WINNER
(30DD) 0E01  0000111000000001 ( 289)                 BRNZP US_DONE
(30DE) 1DA1  0001110110100001 ( 292) US_TIE          ADD   R6 R6 #1
(30DF) 2006  0010000000000110 ( 295) US_DONE         LD    R0 US_R0
(30E0) 2206  0010001000000110 ( 296)                 LD    R1 US_R1
(30E1) 2806  0010100000000110 ( 297)                 LD    R4 US_R4
(30E2) 2E06  0010111000000110 ( 298)                 LD    R7 US_R7
(30E3) C1C0  1100000111000000 ( 300)                 RET   
(30E4) 0000  0000000000000000 ( 301) NBR_FILLED      .FILL x0000
(30E5) FFDC  1111111111011100 ( 302) MAX_FILLED      .FILL xFFDC
(30E6) 0000  0000000000000000 ( 304) US_R0           .FILL x0000
(30E7) 0000  0000000000000000 ( 305) US_R1           .FILL x0000
(30E8) 0000  0000000000000000 ( 306) US_R4           .FILL x0000
(30E9) 0000  0000000000000000 ( 314) US_R7           .FILL x0000
(30EA) 3006  0011000000000110 ( 315) INIT            ST    R0 I_R0
(30EB) 3E06  0011111000000110 ( 316)                 ST    R7 I_R7
(30EC) E00E  1110000000001110 ( 318)                 LEA   R0 ROW1
(30ED) 30C6  0011000011000110 ( 319)                 ST    R0 BOARD_PTR
(30EE) 2002  0010000000000010 ( 321)                 LD    R0 I_R0
(30EF) 2E02  0010111000000010 ( 322)                 LD    R7 I_R7
(30F0) C1C0  1100000111000000 ( 324)                 RET   
(30F1) 0000  0000000000000000 ( 326) I_R0            .FILL x0000
(30F2) 0000  0000000000000000 ( 331) I_R7            .FILL x0000
(30F3) 0020  0000000000100000 ( 331) ASCII_SPACE     .FILL x0020
(30F4) 000A  0000000000001010 ( 332) ASCII_NEWLINE   .FILL x000A
(30F5) 0001  0000000000000001 ( 333) TURN            .FILL x0001
(30F6) 0000  0000000000000000 ( 334) WINNER          .FILL x0000
(30F7) FFD0  1111111111010000 ( 336) ASCII_OFFSET    .FILL xFFD0
(30F8) FFCF  1111111111001111 ( 337) ASCII_NEGONE    .FILL xFFCF
(30F9) FFCA  1111111111001010 ( 338) ASCII_NEGSIX    .FILL xFFCA
(30FA) FFD3  1111111111010011 ( 339) ASCII_NEGHYP    .FILL xFFD3
(30FB) 002D  0000000000101101 ( 341) ROW1            .FILL x002D
(30FC) 002D  0000000000101101 ( 341)                 .FILL x002D
(30FD) 002D  0000000000101101 ( 341)                 .FILL x002D
(30FE) 002D  0000000000101101 ( 341)                 .FILL x002D
(30FF) 002D  0000000000101101 ( 341)                 .FILL x002D
(3100) 002D  0000000000101101 ( 341)                 .FILL x002D
(3101) 0000  0000000000000000 ( 341)                 .FILL x0000
(3102) 002D  0000000000101101 ( 342) ROW2            .FILL x002D
(3103) 002D  0000000000101101 ( 342)                 .FILL x002D
(3104) 002D  0000000000101101 ( 342)                 .FILL x002D
(3105) 002D  0000000000101101 ( 342)                 .FILL x002D
(3106) 002D  0000000000101101 ( 342)                 .FILL x002D
(3107) 002D  0000000000101101 ( 342)                 .FILL x002D
(3108) 0000  0000000000000000 ( 342)                 .FILL x0000
(3109) 002D  0000000000101101 ( 343) ROW3            .FILL x002D
(310A) 002D  0000000000101101 ( 343)                 .FILL x002D
(310B) 002D  0000000000101101 ( 343)                 .FILL x002D
(310C) 002D  0000000000101101 ( 343)                 .FILL x002D
(310D) 002D  0000000000101101 ( 343)                 .FILL x002D
(310E) 002D  0000000000101101 ( 343)                 .FILL x002D
(310F) 0000  0000000000000000 ( 343)                 .FILL x0000
(3110) 002D  0000000000101101 ( 344) ROW4            .FILL x002D
(3111) 002D  0000000000101101 ( 344)                 .FILL x002D
(3112) 002D  0000000000101101 ( 344)                 .FILL x002D
(3113) 002D  0000000000101101 ( 344)                 .FILL x002D
(3114) 002D  0000000000101101 ( 344)                 .FILL x002D
(3115) 002D  0000000000101101 ( 344)                 .FILL x002D
(3116) 0000  0000000000000000 ( 344)                 .FILL x0000
(3117) 002D  0000000000101101 ( 345) ROW5            .FILL x002D
(3118) 002D  0000000000101101 ( 345)                 .FILL x002D
(3119) 002D  0000000000101101 ( 345)                 .FILL x002D
(311A) 002D  0000000000101101 ( 345)                 .FILL x002D
(311B) 002D  0000000000101101 ( 345)                 .FILL x002D
(311C) 002D  0000000000101101 ( 345)                 .FILL x002D
(311D) 0000  0000000000000000 ( 345)                 .FILL x0000
(311E) 002D  0000000000101101 ( 346) ROW6            .FILL x002D
(311F) 002D  0000000000101101 ( 346)                 .FILL x002D
(3120) 002D  0000000000101101 ( 346)                 .FILL x002D
(3121) 002D  0000000000101101 ( 346)                 .FILL x002D
(3122) 002D  0000000000101101 ( 346)                 .FILL x002D
(3123) 002D  0000000000101101 ( 346)                 .FILL x002D
(3124) 0000  0000000000000000 ( 346)                 .FILL x0000
(3125) 3E18  0011111000011000 ( 367) DISPLAY_BOARD   ST    R7 DBR7
(3126) 3218  0011001000011000 ( 368)                 ST    R1 DBR1
(3127) 3418  0011010000011000 ( 369)                 ST    R2 DBR2
(3128) 3618  0011011000011000 ( 370)                 ST    R3 DBR3
(3129) E3D1  1110001111010001 ( 372)                 LEA   R1 ROW1
(312A) 16E6  0001011011100110 ( 373)                 ADD   R3 R3 #6
(312B) 14A5  0001010010100101 ( 374) L2              ADD   R2 R2 #5
(312C) 6040  0110000001000000 ( 375) L1              LDR   R0 R1 #0
(312D) F021  1111000000100001 ( 376)                 TRAP  x21
(312E) 21C4  0010000111000100 ( 377)                 LD    R0 ASCII_SPACE
(312F) F021  1111000000100001 ( 378)                 TRAP  x21
(3130) 1261  0001001001100001 ( 379)                 ADD   R1 R1 #1
(3131) 14BF  0001010010111111 ( 380)                 ADD   R2 R2 #-1
(3132) 03F9  0000001111111001 ( 381)                 BRP   L1
(3133) 6040  0110000001000000 ( 383)                 LDR   R0 R1 #0
(3134) F021  1111000000100001 ( 384)                 TRAP  x21
(3135) 21BE  0010000110111110 ( 385)                 LD    R0 ASCII_NEWLINE
(3136) F021  1111000000100001 ( 386)                 TRAP  x21
(3137) 1262  0001001001100010 ( 387)                 ADD   R1 R1 #2
(3138) 16FF  0001011011111111 ( 388)                 ADD   R3 R3 #-1
(3139) 03F1  0000001111110001 ( 389)                 BRP   L2
(313A) 2E03  0010111000000011 ( 392)                 LD    R7 DBR7
(313B) 2203  0010001000000011 ( 393)                 LD    R1 DBR1
(313C) 2403  0010010000000011 ( 394)                 LD    R2 DBR2
(313D) 2603  0010011000000011 ( 395)                 LD    R3 DBR3
(313E) 0000  0000000000000000 ( 398) DBR7            .FILL x0000
(313F) 0000  0000000000000000 ( 399) DBR1            .FILL x0000
(3140) 0000  0000000000000000 ( 400) DBR2            .FILL x0000
(3141) 0000  0000000000000000 ( 401) DBR3            .FILL x0000
(3142) C1C0  1100000111000000 ( 401)                 RET   
(3143) 303A  0011000000111010 ( 412) GAME_OVER       ST    R0 GO_R0
(3144) 323A  0011001000111010 ( 413)                 ST    R1 GO_R1
(3145) 3E3A  0011111000111010 ( 414)                 ST    R7 GO_R7
(3146) 23AF  0010001110101111 ( 416)                 LD    R1 WINNER
(3147) 0406  0000010000000110 ( 417)                 BRZ   TIED
(3148) 23AC  0010001110101100 ( 418)                 LD    R1 TURN
(3149) 127F  0001001001111111 ( 420)                 ADD   R1 R1 #-1
(314A) 0205  0000001000000101 ( 421)                 BRP   WIN2
(314B) E014  1110000000010100 ( 422)                 LEA   R0 P1
(314C) F022  1111000000100010 ( 424) OUTPUT          TRAP  x22
(314D) 0E04  0000111000000100 ( 425)                 BRNZP COMPLT
(314E) E007  1110000000000111 ( 427) TIED            LEA   R0 TIE
(314F) 0FFC  0000111111111100 ( 428)                 BRNZP OUTPUT
(3150) E01E  1110000000011110 ( 430) WIN2            LEA   R0 P2
(3151) 0FFA  0000111111111010 ( 431)                 BRNZP OUTPUT
(3152) 2E2D  0010111000101101 ( 433) COMPLT          LD    R7 GO_R7
(3153) 202A  0010000000101010 ( 434)                 LD    R0 GO_R0
(3154) 222A  0010001000101010 ( 435)                 LD    R1 GO_R1
(3155) C1C0  1100000111000000 ( 438)                 RET   
(3156) 0054  0000000001010100 ( 440) TIE             .FILL x0054
(3157) 0069  0000000001101001 ( 440)                 .FILL x0069
(3158) 0065  0000000001100101 ( 440)                 .FILL x0065
(3159) 0020  0000000000100000 ( 440)                 .FILL x0020
(315A) 0047  0000000001000111 ( 440)                 .FILL x0047
(315B) 0061  0000000001100001 ( 440)                 .FILL x0061
(315C) 006D  0000000001101101 ( 440)                 .FILL x006D
(315D) 0065  0000000001100101 ( 440)                 .FILL x0065
(315E) 002E  0000000000101110 ( 440)                 .FILL x002E
(315F) 0000  0000000000000000 ( 440)                 .FILL x0000
(3160) 0050  0000000001010000 ( 441) P1              .FILL x0050
(3161) 006C  0000000001101100 ( 441)                 .FILL x006C
(3162) 0061  0000000001100001 ( 441)                 .FILL x0061
(3163) 0079  0000000001111001 ( 441)                 .FILL x0079
(3164) 0065  0000000001100101 ( 441)                 .FILL x0065
(3165) 0072  0000000001110010 ( 441)                 .FILL x0072
(3166) 0020  0000000000100000 ( 441)                 .FILL x0020
(3167) 0031  0000000000110001 ( 441)                 .FILL x0031
(3168) 0020  0000000000100000 ( 441)                 .FILL x0020
(3169) 0057  0000000001010111 ( 441)                 .FILL x0057
(316A) 0069  0000000001101001 ( 441)                 .FILL x0069
(316B) 006E  0000000001101110 ( 441)                 .FILL x006E
(316C) 0073  0000000001110011 ( 441)                 .FILL x0073
(316D) 002E  0000000000101110 ( 441)                 .FILL x002E
(316E) 0000  0000000000000000 ( 441)                 .FILL x0000
(316F) 0050  0000000001010000 ( 442) P2              .FILL x0050
(3170) 006C  0000000001101100 ( 442)                 .FILL x006C
(3171) 0061  0000000001100001 ( 442)                 .FILL x0061
(3172) 0079  0000000001111001 ( 442)                 .FILL x0079
(3173) 0065  0000000001100101 ( 442)                 .FILL x0065
(3174) 0072  0000000001110010 ( 442)                 .FILL x0072
(3175) 0020  0000000000100000 ( 442)                 .FILL x0020
(3176) 0032  0000000000110010 ( 442)                 .FILL x0032
(3177) 0020  0000000000100000 ( 442)                 .FILL x0020
(3178) 0057  0000000001010111 ( 442)                 .FILL x0057
(3179) 0069  0000000001101001 ( 442)                 .FILL x0069
(317A) 006E  0000000001101110 ( 442)                 .FILL x006E
(317B) 0073  0000000001110011 ( 442)                 .FILL x0073
(317C) 002E  0000000000101110 ( 442)                 .FILL x002E
(317D) 0000  0000000000000000 ( 442)                 .FILL x0000
(317E) 0000  0000000000000000 ( 445) GO_R0           .FILL x0000
(317F) 0000  0000000000000000 ( 446) GO_R1           .FILL x0000
(3180) 0000  0000000000000000 ( 455) GO_R7           .FILL x0000
(3181) 3E26  0011111000100110 ( 457) CHECK_VALID     ST    R7 CV_R7
(3182) 3226  0011001000100110 ( 459)                 ST    R1 CV_R1
(3183) 3426  0011010000100110 ( 460)                 ST    R2 CV_R2
(3184) 3626  0011011000100110 ( 461)                 ST    R3 CV_R3
(3185) 3826  0011100000100110 ( 462)                 ST    R4 CV_R4
(3186) 3A20  0011101000100000 ( 463)                 ST    R5 CV_R5
(3187) E226  1110001000100110 ( 465)                 LEA   R1 CVx31
(3188) 5920  0101100100100000 ( 466)                 AND   R4 R4 #0
(3189) 1926  0001100100100110 ( 467)                 ADD   R4 R4 #6
(318A) 6440  0110010001000000 ( 468) KEEPLKG         LDR   R2 R1 #0
(318B) 94BF  1001010010111111 ( 470)                 NOT   R2 R2
(318C) 14A1  0001010010100001 ( 471)                 ADD   R2 R2 #1
(318D) 1602  0001011000000010 ( 472)                 ADD   R3 R0 R2
(318E) 0405  0000010000000101 ( 473)                 BRZ   VALID
(318F) 1261  0001001001100001 ( 474)                 ADD   R1 R1 #1
(3190) 193F  0001100100111111 ( 475)                 ADD   R4 R4 #-1
(3191) 03F8  0000001111111000 ( 476)                 BRP   KEEPLKG
(3192) 5DA0  0101110110100000 ( 477)                 AND   R6 R6 #0
(3193) 0E0B  0000111000001011 ( 478)                 BRNZP INVALID
(3194) 2362  0010001101100010 ( 481) VALID           LD    R1 ASCII_OFFSET
(3195) 1040  0001000001000000 ( 482)                 ADD   R0 R1 R0
(3196) E363  1110001101100011 ( 483)                 LEA   R1 ASCII_NEGHYP
(3197) 2562  0010010101100010 ( 484)                 LD    R2 ASCII_NEGHYP
(3198) 1201  0001001000000001 ( 486)                 ADD   R1 R0 R1
(3199) 6240  0110001001000000 ( 487)                 LDR   R1 R1 #0
(319A) 1642  0001011001000010 ( 488)                 ADD   R3 R1 R2
(319B) 0401  0000010000000001 ( 489)                 BRZ   NOTFULL
(319C) 0A02  0000101000000010 ( 490)                 BRNP  INVALID
(319D) 1C20  0001110000100000 ( 494) NOTFULL         ADD   R6 R0 #0
(319E) 0E01  0000111000000001 ( 495)                 BRNZP A
(319F) 5DA0  0101110110100000 ( 496) INVALID         AND   R6 R6 #0
(31A0) 2E07  0010111000000111 ( 498) A               LD    R7 CV_R7
(31A1) 2207  0010001000000111 ( 499)                 LD    R1 CV_R1
(31A2) 2407  0010010000000111 ( 500)                 LD    R2 CV_R2
(31A3) 2607  0010011000000111 ( 501)                 LD    R3 CV_R3
(31A4) 2807  0010100000000111 ( 502)                 LD    R4 CV_R4
(31A5) 2A01  0010101000000001 ( 503)                 LD    R5 CV_R5
(31A6) C1C0  1100000111000000 ( 505)                 RET   
(31A7) 0000  0000000000000000 ( 507) CV_R5           .FILL x0000
(31A8) 0000  0000000000000000 ( 508) CV_R7           .FILL x0000
(31A9) 0000  0000000000000000 ( 509) CV_R1           .FILL x0000
(31AA) 0000  0000000000000000 ( 510) CV_R2           .FILL x0000
(31AB) 0000  0000000000000000 ( 511) CV_R3           .FILL x0000
(31AC) 0000  0000000000000000 ( 512) CV_R4           .FILL x0000
(31AD) 0000  0000000000000000 ( 513) CV_R6           .FILL x0000
(31AE) 0031  0000000000110001 ( 513) CVx31           .FILL x0031
(31AF) 0032  0000000000110010 ( 514) CVx32           .FILL x0032
(31B0) 0033  0000000000110011 ( 515) CVx33           .FILL x0033
(31B1) 0034  0000000000110100 ( 516) CVx34           .FILL x0034
(31B2) 0035  0000000000110101 ( 517) CVx35           .FILL x0035
(31B3) 0036  0000000000110110 ( 518) CVx36           .FILL x0036
(31B4) 0000  0000000000000000 ( 536) BOARD_PTR       .FILL x0000
(31B5) 302B  0011000000101011 ( 538) CHECK_HORIZONTAL ST    R0 CH_R0
(31B6) 322B  0011001000101011 ( 539)                 ST    R1 CH_R1
(31B7) 342B  0011010000101011 ( 540)                 ST    R2 CH_R2
(31B8) 362B  0011011000101011 ( 541)                 ST    R3 CH_R3
(31B9) 3C2B  0011110000101011 ( 542)                 ST    R6 CH_R6
(31BA) 3E2B  0011111000101011 ( 543)                 ST    R7 CH_R7
(31BB) 21F8  0010000111111000 ( 545)                 LD    R0 BOARD_PTR
(31BC) 137F  0001001101111111 ( 546)                 ADD   R1 R5 #-1
(31BD) 2429  0010010000101001 ( 547)                 LD    R2 ROWS
(31BE) 1660  0001011001100000 ( 548)                 ADD   R3 R1 #0
(31BF) 16C1  0001011011000001 ( 549) EQTN            ADD   R3 R3 R1
(31C0) 14BF  0001010010111111 ( 550)                 ADD   R2 R2 #-1
(31C1) 0401  0000010000000001 ( 551)                 BRZ   START
(31C2) 0FFC  0000111111111100 ( 552)                 BRNZP EQTN
(31C3) 1003  0001000000000011 ( 554) START           ADD   R0 R0 R3
(31C4) 2423  0010010000100011 ( 555) CHL             LD    R2 CHECK
(31C5) 6200  0110001000000000 ( 556) CHL1            LDR   R1 R0 #0
(31C6) 1021  0001000000100001 ( 557)                 ADD   R0 R0 #1
(31C7) 6600  0110011000000000 ( 558)                 LDR   R3 R0 #0
(31C8) 2D31  0010110100110001 ( 560)                 LD    R6 ASCII_NEGHYP
(31C9) 1CC6  0001110011000110 ( 561)                 ADD   R6 R3 R6
(31CA) 0407  0000010000000111 ( 562)                 BRZ   HYP
(31CB) 16E0  0001011011100000 ( 564)                 ADD   R3 R3 #0
(31CC) 0405  0000010000000101 ( 565)                 BRZ   HYP
(31CD) 98FF  1001100011111111 ( 566)                 NOT   R4 R3
(31CE) 1921  0001100100100001 ( 567)                 ADD   R4 R4 #1
(31CF) 1244  0001001001000100 ( 568)                 ADD   R1 R1 R4
(31D0) 0403  0000010000000011 ( 569)                 BRZ   MATCH
(31D1) 0FF2  0000111111110010 ( 570)                 BRNZP CHL
(31D2) 5920  0101100100100000 ( 572) HYP             AND   R4 R4 #0
(31D3) 0E06  0000111000000110 ( 573)                 BRNZP ENDCH
(31D4) 14BF  0001010010111111 ( 575) MATCH           ADD   R2 R2 #-1
(31D5) 0401  0000010000000001 ( 576)                 BRZ   GOOVER
(31D6) 0FEE  0000111111101110 ( 577)                 BRNZP CHL1
(31D7) 5920  0101100100100000 ( 579) GOOVER          AND   R4 R4 #0
(31D8) 1921  0001100100100001 ( 580)                 ADD   R4 R4 #1
(31D9) 0E00  0000111000000000 ( 581)                 BRNZP ENDCH
(31DA) 2006  0010000000000110 ( 583) ENDCH           LD    R0 CH_R0
(31DB) 2206  0010001000000110 ( 584)                 LD    R1 CH_R1
(31DC) 2406  0010010000000110 ( 585)                 LD    R2 CH_R2
(31DD) 2606  0010011000000110 ( 586)                 LD    R3 CH_R3
(31DE) 2C06  0010110000000110 ( 587)                 LD    R6 CH_R6
(31DF) 2E06  0010111000000110 ( 588)                 LD    R7 CH_R7
(31E0) C1C0  1100000111000000 ( 590)                 RET   
(31E1) 0000  0000000000000000 ( 593) CH_R0           .FILL x0000
(31E2) 0000  0000000000000000 ( 594) CH_R1           .FILL x0000
(31E3) 0000  0000000000000000 ( 595) CH_R2           .FILL x0000
(31E4) 0000  0000000000000000 ( 596) CH_R3           .FILL x0000
(31E5) 0000  0000000000000000 ( 597) CH_R6           .FILL x0000
(31E6) 0000  0000000000000000 ( 598) CH_R7           .FILL x0000
(31E7) 0006  0000000000000110 ( 598) ROWS            .FILL x0006
(31E8) 0003  0000000000000011 ( 599) CHECK           .FILL x0003
(31E9) 3036  0011000000110110 ( 611) CHECK_VERTICAL  ST    R0 VC_R0
(31EA) 3236  0011001000110110 ( 612)                 ST    R1 VC_R1
(31EB) 3436  0011010000110110 ( 613)                 ST    R2 VC_R2
(31EC) 3636  0011011000110110 ( 614)                 ST    R3 VC_R3
(31ED) 3A36  0011101000110110 ( 615)                 ST    R5 VC_R5
(31EE) 3C36  0011110000110110 ( 616)                 ST    R6 VC_R6
(31EF) 3E36  0011111000110110 ( 617)                 ST    R7 VC_R7
(31F0) 5020  0101000000100000 ( 619)                 AND   R0 R0 #0
(31F1) 5260  0101001001100000 ( 620)                 AND   R1 R1 #0
(31F2) 54A0  0101010010100000 ( 621)                 AND   R2 R2 #0
(31F3) 56E0  0101011011100000 ( 622)                 AND   R3 R3 #0
(31F4) 21BF  0010000110111111 ( 624)                 LD    R0 BOARD_PTR
(31F5) 137F  0001001101111111 ( 625)                 ADD   R1 R5 #-1
(31F6) 2430  0010010000110000 ( 626)                 LD    R2 ROWS2
(31F7) 1660  0001011001100000 ( 627)                 ADD   R3 R1 #0
(31F8) 16C1  0001011011000001 ( 628) EQTN2           ADD   R3 R3 R1
(31F9) 14BF  0001010010111111 ( 629)                 ADD   R2 R2 #-1
(31FA) 0401  0000010000000001 ( 630)                 BRZ   START2
(31FB) 0FFC  0000111111111100 ( 631)                 BRNZP EQTN2
(31FC) 1003  0001000000000011 ( 633) START2          ADD   R0 R0 R3
(31FD) 19BF  0001100110111111 ( 635)                 ADD   R4 R6 #-1
(31FE) 1004  0001000000000100 ( 636)                 ADD   R0 R0 R4
(31FF) 5920  0101100100100000 ( 637)                 AND   R4 R4 #0
(3200) 2427  0010010000100111 ( 638) CVL             LD    R2 CHECK2
(3201) 6200  0110001000000000 ( 639) CVL1            LDR   R1 R0 #0
(3202) 1027  0001000000100111 ( 640)                 ADD   R0 R0 #7
(3203) 6600  0110011000000000 ( 641)                 LDR   R3 R0 #0
(3204) 5FE0  0101111111100000 ( 643)                 AND   R7 R7 #0
(3205) 2E23  0010111000100011 ( 644)                 LD    R7 MASK
(3206) 5EC7  0101111011000111 ( 645)                 AND   R7 R3 R7
(3207) 0A06  0000101000000110 ( 646)                 BRNP  HYP2
(3208) 98FF  1001100011111111 ( 648)                 NOT   R4 R3
(3209) 1921  0001100100100001 ( 649)                 ADD   R4 R4 #1
(320A) 1244  0001001001000100 ( 650)                 ADD   R1 R1 R4
(320B) 0406  0000010000000110 ( 652)                 BRZ   MATCH1
(320C) 5920  0101100100100000 ( 653)                 AND   R4 R4 #0
(320D) 0FF2  0000111111110010 ( 654)                 BRNZP CVL
(320E) 5920  0101100100100000 ( 656) HYP2            AND   R4 R4 #0
(320F) 5FE0  0101111111100000 ( 657)                 AND   R7 R7 #0
(3210) 2E15  0010111000010101 ( 658)                 LD    R7 VC_R7
(3211) 0E06  0000111000000110 ( 659)                 BRNZP ENDCV1
(3212) 14BF  0001010010111111 ( 661) MATCH1          ADD   R2 R2 #-1
(3213) 0401  0000010000000001 ( 662)                 BRZ   GOOVER1
(3214) 0FEC  0000111111101100 ( 663)                 BRNZP CVL1
(3215) 5920  0101100100100000 ( 665) GOOVER1         AND   R4 R4 #0
(3216) 1921  0001100100100001 ( 666)                 ADD   R4 R4 #1
(3217) 0E00  0000111000000000 ( 667)                 BRNZP ENDCV1
(3218) 2007  0010000000000111 ( 669) ENDCV1          LD    R0 VC_R0
(3219) 2207  0010001000000111 ( 670)                 LD    R1 VC_R1
(321A) 2407  0010010000000111 ( 671)                 LD    R2 VC_R2
(321B) 2607  0010011000000111 ( 672)                 LD    R3 VC_R3
(321C) 2A07  0010101000000111 ( 673)                 LD    R5 VC_R5
(321D) 2C07  0010110000000111 ( 674)                 LD    R6 VC_R6
(321E) 2E07  0010111000000111 ( 675)                 LD    R7 VC_R7
(321F) C1C0  1100000111000000 ( 678)                 RET   
(3220) 0000  0000000000000000 ( 680) VC_R0           .FILL x0000
(3221) 0000  0000000000000000 ( 681) VC_R1           .FILL x0000
(3222) 0000  0000000000000000 ( 682) VC_R2           .FILL x0000
(3223) 0000  0000000000000000 ( 683) VC_R3           .FILL x0000
(3224) 0000  0000000000000000 ( 684) VC_R5           .FILL x0000
(3225) 0000  0000000000000000 ( 685) VC_R6           .FILL x0000
(3226) 0000  0000000000000000 ( 686) VC_R7           .FILL x0000
(3227) 0006  0000000000000110 ( 686) ROWS2           .FILL x0006
(3228) 0003  0000000000000011 ( 687) CHECK2          .FILL x0003
(3229) FF00  1111111100000000 ( 688) MASK            .FILL xFF00
(322A) 3E06  0011111000000110 ( 700) CHECK_DIAGONALS ST    R7 CD_R7
(322B) 4806  0100100000000110 ( 701)                 JSR   CHECK_D1
(322C) 1920  0001100100100000 ( 702)                 ADD   R4 R4 #0
(322D) 0201  0000001000000001 ( 703)                 BRP   DONE
(322E) 4843  0100100001000011 ( 705)                 JSR   CHECK_D2
(322F) 2E01  0010111000000001 ( 706) DONE            LD    R7 CD_R7
(3230) C1C0  1100000111000000 ( 708)                 RET   
(3231) 0000  0000000000000000 ( 718) CD_R7           .FILL x0000
(3232) 3037  0011000000110111 ( 720) CHECK_D1        ST    R0 D1_R0
(3233) 3237  0011001000110111 ( 721)                 ST    R1 D1_R1
(3234) 3437  0011010000110111 ( 722)                 ST    R2 D1_R2
(3235) 3637  0011011000110111 ( 723)                 ST    R3 D1_R3
(3236) 3A37  0011101000110111 ( 724)                 ST    R5 D1_R5
(3237) 3C37  0011110000110111 ( 725)                 ST    R6 D1_R6
(3238) 3E37  0011111000110111 ( 726)                 ST    R7 D1_R7
(3239) 217A  0010000101111010 ( 728)                 LD    R0 BOARD_PTR
(323A) 137F  0001001101111111 ( 729)                 ADD   R1 R5 #-1
(323B) 2435  0010010000110101 ( 730)                 LD    R2 ROWSD
(323C) 1660  0001011001100000 ( 731)                 ADD   R3 R1 #0
(323D) 16C1  0001011011000001 ( 732) LOOPD1          ADD   R3 R3 R1
(323E) 14BF  0001010010111111 ( 733)                 ADD   R2 R2 #-1
(323F) 0401  0000010000000001 ( 734)                 BRZ   STARTD1
(3240) 0FFC  0000111111111100 ( 735)                 BRNZP LOOPD1
(3241) 1003  0001000000000011 ( 737) STARTD1         ADD   R0 R0 R3
(3242) 19BF  0001100110111111 ( 738)                 ADD   R4 R6 #-1
(3243) 1004  0001000000000100 ( 739)                 ADD   R0 R0 R4
(3244) 54A0  0101010010100000 ( 741)                 AND   R2 R2 #0
(3245) 1480  0001010010000000 ( 742)                 ADD   R2 R2 R0
(3246) 6200  0110001000000000 ( 743) MOVES           LDR   R1 R0 #0
(3247) 14B8  0001010010111000 ( 744)                 ADD   R2 R2 #-8
(3248) 6680  0110011010000000 ( 745)                 LDR   R3 R2 #0
(3249) 9AFF  1001101011111111 ( 746)                 NOT   R5 R3
(324A) 1B61  0001101101100001 ( 747)                 ADD   R5 R5 #1
(324B) 1B41  0001101101000001 ( 748)                 ADD   R5 R5 R1
(324C) 05F9  0000010111111001 ( 749)                 BRZ   MOVES
(324D) 14A8  0001010010101000 ( 751)                 ADD   R2 R2 #8
(324E) 5020  0101000000100000 ( 752)                 AND   R0 R0 #0
(324F) 1080  0001000010000000 ( 753)                 ADD   R0 R2 R0
(3250) 5DA0  0101110110100000 ( 754)                 AND   R6 R6 #0
(3251) 1DA4  0001110110100100 ( 755)                 ADD   R6 R6 #4
(3252) 1DBF  0001110110111111 ( 756) DIAGL           ADD   R6 R6 #-1
(3253) 040B  0000010000001011 ( 757)                 BRZ   WINS
(3254) 6200  0110001000000000 ( 758)                 LDR   R1 R0 #0
(3255) 14A8  0001010010101000 ( 759)                 ADD   R2 R2 #8
(3256) 6680  0110011010000000 ( 760)                 LDR   R3 R2 #0
(3257) 0405  0000010000000101 ( 761)                 BRZ   NOWIN
(3258) 9AFF  1001101011111111 ( 762)                 NOT   R5 R3
(3259) 1B61  0001101101100001 ( 763)                 ADD   R5 R5 #1
(325A) 1B41  0001101101000001 ( 764)                 ADD   R5 R5 R1
(325B) 05F6  0000010111110110 ( 765)                 BRZ   DIAGL
(325C) 0A00  0000101000000000 ( 766)                 BRNP  NOWIN
(325D) 5920  0101100100100000 ( 768) NOWIN           AND   R4 R4 #0
(325E) 0E03  0000111000000011 ( 769)                 BRNZP RETURN
(325F) 5920  0101100100100000 ( 771) WINS            AND   R4 R4 #0
(3260) 1921  0001100100100001 ( 772)                 ADD   R4 R4 #1
(3261) 0E00  0000111000000000 ( 773)                 BRNZP RETURN
(3262) 2007  0010000000000111 ( 775) RETURN          LD    R0 D1_R0
(3263) 2207  0010001000000111 ( 776)                 LD    R1 D1_R1
(3264) 2407  0010010000000111 ( 777)                 LD    R2 D1_R2
(3265) 2607  0010011000000111 ( 778)                 LD    R3 D1_R3
(3266) 2A07  0010101000000111 ( 779)                 LD    R5 D1_R5
(3267) 2C07  0010110000000111 ( 780)                 LD    R6 D1_R6
(3268) 2E07  0010111000000111 ( 781)                 LD    R7 D1_R7
(3269) C1C0  1100000111000000 ( 783)                 RET   
(326A) 0000  0000000000000000 ( 785) D1_R0           .FILL x0000
(326B) 0000  0000000000000000 ( 786) D1_R1           .FILL x0000
(326C) 0000  0000000000000000 ( 787) D1_R2           .FILL x0000
(326D) 0000  0000000000000000 ( 788) D1_R3           .FILL x0000
(326E) 0000  0000000000000000 ( 789) D1_R5           .FILL x0000
(326F) 0000  0000000000000000 ( 790) D1_R6           .FILL x0000
(3270) 0000  0000000000000000 ( 791) D1_R7           .FILL x0000
(3271) 0006  0000000000000110 ( 791) ROWSD           .FILL x0006
(3272) 3035  0011000000110101 ( 802) CHECK_D2        ST    R0 D2_R0
(3273) 3235  0011001000110101 ( 803)                 ST    R1 D2_R1
(3274) 3435  0011010000110101 ( 804)                 ST    R2 D2_R2
(3275) 3635  0011011000110101 ( 805)                 ST    R3 D2_R3
(3276) 3E37  0011111000110111 ( 806)                 ST    R7 D2_R7
(3277) 213C  0010000100111100 ( 808)                 LD    R0 BOARD_PTR
(3278) 137F  0001001101111111 ( 809)                 ADD   R1 R5 #-1
(3279) 2435  0010010000110101 ( 810)                 LD    R2 ROWA
(327A) 1660  0001011001100000 ( 811)                 ADD   R3 R1 #0
(327B) 16C1  0001011011000001 ( 812) LOOPD2          ADD   R3 R3 R1
(327C) 14BF  0001010010111111 ( 813)                 ADD   R2 R2 #-1
(327D) 0401  0000010000000001 ( 814)                 BRZ   STARTD2
(327E) 0FFC  0000111111111100 ( 815)                 BRNZP LOOPD2
(327F) 1003  0001000000000011 ( 818) STARTD2         ADD   R0 R0 R3
(3280) 19BF  0001100110111111 ( 819)                 ADD   R4 R6 #-1
(3281) 1004  0001000000000100 ( 820)                 ADD   R0 R0 R4
(3282) 54A0  0101010010100000 ( 821)                 AND   R2 R2 #0
(3283) 1480  0001010010000000 ( 822)                 ADD   R2 R2 R0
(3284) 6200  0110001000000000 ( 824) MOVES1          LDR   R1 R0 #0
(3285) 14BA  0001010010111010 ( 825)                 ADD   R2 R2 #-6
(3286) 6680  0110011010000000 ( 826)                 LDR   R3 R2 #0
(3287) 9AFF  1001101011111111 ( 827)                 NOT   R5 R3
(3288) 1B61  0001101101100001 ( 828)                 ADD   R5 R5 #1
(3289) 1B41  0001101101000001 ( 829)                 ADD   R5 R5 R1
(328A) 05F9  0000010111111001 ( 830)                 BRZ   MOVES1
(328B) 14A6  0001010010100110 ( 832)                 ADD   R2 R2 #6
(328C) 5020  0101000000100000 ( 833)                 AND   R0 R0 #0
(328D) 1080  0001000010000000 ( 834)                 ADD   R0 R2 R0
(328E) 5DA0  0101110110100000 ( 836)                 AND   R6 R6 #0
(328F) 1DA4  0001110110100100 ( 837)                 ADD   R6 R6 #4
(3290) 1DBF  0001110110111111 ( 838) CHECKDD         ADD   R6 R6 #-1
(3291) 040B  0000010000001011 ( 839)                 BRZ   YAY
(3292) 6200  0110001000000000 ( 841)                 LDR   R1 R0 #0
(3293) 14A6  0001010010100110 ( 842)                 ADD   R2 R2 #6
(3294) 6680  0110011010000000 ( 843)                 LDR   R3 R2 #0
(3295) 0405  0000010000000101 ( 844)                 BRZ   NAHFAM
(3296) 9AFF  1001101011111111 ( 845)                 NOT   R5 R3
(3297) 1B61  0001101101100001 ( 846)                 ADD   R5 R5 #1
(3298) 1B41  0001101101000001 ( 847)                 ADD   R5 R5 R1
(3299) 05F6  0000010111110110 ( 848)                 BRZ   CHECKDD
(329A) 0E00  0000111000000000 ( 849)                 BRNZP NAHFAM
(329B) 5920  0101100100100000 ( 851) NAHFAM          AND   R4 R4 #0
(329C) 0E03  0000111000000011 ( 852)                 BRNZP DONEZO
(329D) 5920  0101100100100000 ( 854) YAY             AND   R4 R4 #0
(329E) 1921  0001100100100001 ( 855)                 ADD   R4 R4 #1
(329F) 0E00  0000111000000000 ( 856)                 BRNZP DONEZO
(32A0) 2007  0010000000000111 ( 858) DONEZO          LD    R0 D2_R0
(32A1) 2207  0010001000000111 ( 859)                 LD    R1 D2_R1
(32A2) 2407  0010010000000111 ( 860)                 LD    R2 D2_R2
(32A3) 2607  0010011000000111 ( 861)                 LD    R3 D2_R3
(32A4) 2A07  0010101000000111 ( 862)                 LD    R5 D2_R5
(32A5) 2C07  0010110000000111 ( 863)                 LD    R6 D2_R6
(32A6) 2E07  0010111000000111 ( 864)                 LD    R7 D2_R7
(32A7) C1C0  1100000111000000 ( 867)                 RET   
(32A8) 0000  0000000000000000 ( 871) D2_R0           .FILL x0000
(32A9) 0000  0000000000000000 ( 872) D2_R1           .FILL x0000
(32AA) 0000  0000000000000000 ( 873) D2_R2           .FILL x0000
(32AB) 0000  0000000000000000 ( 874) D2_R3           .FILL x0000
(32AC) 0000  0000000000000000 ( 875) D2_R5           .FILL x0000
(32AD) 0000  0000000000000000 ( 876) D2_R6           .FILL x0000
(32AE) 0000  0000000000000000 ( 877) D2_R7           .FILL x0000
(32AF) 0006  0000000000000110 ( 877) ROWA            .FILL x0006
